2017-11-27 10:37:38 INFO AppConfig::InitConfig 配置文件[D:/webdev/golang/goproject/src/dotapp_server/bin/app.conf]开始...
2017-11-27 10:37:38 INFO AppConfig::InitConfig Load AppSet Start
2017-11-27 10:37:38 INFO AppConfig::InitConfig Load AppSet => {"Key":"ConfigPath","Value":"XXXXXXXX"}
2017-11-27 10:37:38 INFO AppConfig::InitConfig Load AppSet Finished [1]
2017-11-27 10:37:38 INFO AppConfig::InitConfig Start Load RedisInfo
2017-11-27 10:37:38 INFO AppConfig::InitConfig Load RedisInfo => {"ID":"demoredis","ServerIP":"192.168.8.175:6379","DB":0,"Password":""}
2017-11-27 10:37:38 INFO AppConfig::InitConfig Finish Load RedisInfo
2017-11-27 10:37:38 INFO AppConfig::InitConfig 配置文件[D:/webdev/golang/goproject/src/dotapp_server/bin/app.conf]完成
2017-11-27 10:38:16 INFO AppConfig::InitConfig 配置文件[D:/webdev/golang/goproject/src/dotapp_server/bin/app.conf]开始...
2017-11-27 10:38:16 INFO AppConfig::InitConfig Load AppSet Start
2017-11-27 10:38:16 INFO AppConfig::InitConfig Load AppSet => {"Key":"ConfigPath","Value":"XXXXXXXX"}
2017-11-27 10:38:16 INFO AppConfig::InitConfig Load AppSet Finished [1]
2017-11-27 10:38:16 INFO AppConfig::InitConfig Start Load RedisInfo
2017-11-27 10:38:16 INFO AppConfig::InitConfig Load RedisInfo => {"ID":"demoredis","ServerIP":"192.168.8.175:6379","DB":0,"Password":""}
2017-11-27 10:38:16 INFO AppConfig::InitConfig Finish Load RedisInfo
2017-11-27 10:38:16 INFO AppConfig::InitConfig 配置文件[D:/webdev/golang/goproject/src/dotapp_server/bin/app.conf]完成
2017-11-27 10:46:34 INFO AppConfig::InitConfig 配置文件[D:/webdev/golang/goproject/src/dotapp_server/bin/app.conf]开始...
2017-11-27 10:46:34 INFO AppConfig::InitConfig Load AppSet Start
2017-11-27 10:46:34 INFO AppConfig::InitConfig Load AppSet => {"Key":"ConfigPath","Value":"XXXXXXXX"}
2017-11-27 10:46:34 INFO AppConfig::InitConfig Load AppSet Finished [1]
2017-11-27 10:46:34 INFO AppConfig::InitConfig Start Load RedisInfo
2017-11-27 10:46:34 INFO AppConfig::InitConfig Load RedisInfo => {"ID":"demoredis","ServerIP":"192.168.8.175:6379","DB":0,"Password":""}
2017-11-27 10:46:34 INFO AppConfig::InitConfig Finish Load RedisInfo
2017-11-27 10:46:34 INFO AppConfig::InitConfig 配置文件[D:/webdev/golang/goproject/src/dotapp_server/bin/app.conf]完成
2017-11-27 11:18:07 INFO AppConfig::InitConfig 配置文件[D:/webdev/golang/goproject/src/dotapp_server/bin/app.conf]开始...
2017-11-27 11:18:07 INFO AppConfig::InitConfig Load AppSet Start
2017-11-27 11:18:07 INFO AppConfig::InitConfig Load AppSet => {"Key":"ConfigPath","Value":"XXXXXXXX"}
2017-11-27 11:18:07 INFO AppConfig::InitConfig Load AppSet Finished [1]
2017-11-27 11:18:07 INFO AppConfig::InitConfig Start Load RedisInfo
2017-11-27 11:18:07 INFO AppConfig::InitConfig Load RedisInfo => {"ID":"demoredis","ServerIP":"192.168.8.175:6379","DB":0,"Password":""}
2017-11-27 11:18:07 INFO AppConfig::InitConfig Finish Load RedisInfo
2017-11-27 11:18:07 INFO AppConfig::InitConfig 配置文件[D:/webdev/golang/goproject/src/dotapp_server/bin/app.conf]完成
2017-11-27 11:18:16 INFO AppConfig::InitConfig 配置文件[D:/webdev/golang/goproject/src/dotapp_server/bin/app.conf]开始...
2017-11-27 11:18:16 INFO AppConfig::InitConfig Load AppSet Start
2017-11-27 11:18:16 INFO AppConfig::InitConfig Load AppSet => {"Key":"ConfigPath","Value":"XXXXXXXX"}
2017-11-27 11:18:16 INFO AppConfig::InitConfig Load AppSet Finished [1]
2017-11-27 11:18:16 INFO AppConfig::InitConfig Start Load RedisInfo
2017-11-27 11:18:16 INFO AppConfig::InitConfig Load RedisInfo => {"ID":"demoredis","ServerIP":"192.168.8.175:6379","DB":0,"Password":""}
2017-11-27 11:18:16 INFO AppConfig::InitConfig Finish Load RedisInfo
2017-11-27 11:18:16 INFO AppConfig::InitConfig 配置文件[D:/webdev/golang/goproject/src/dotapp_server/bin/app.conf]完成
2017-11-27 11:19:41 INFO AppConfig::InitConfig 配置文件[D:/webdev/golang/goproject/src/dotapp_server/bin/app.conf]开始...
2017-11-27 11:19:41 INFO AppConfig::InitConfig Load AppSet Start
2017-11-27 11:19:41 INFO AppConfig::InitConfig Load AppSet => {"Key":"ConfigPath","Value":"XXXXXXXX"}
2017-11-27 11:19:41 INFO AppConfig::InitConfig Load AppSet Finished [1]
2017-11-27 11:19:41 INFO AppConfig::InitConfig Start Load RedisInfo
2017-11-27 11:19:41 INFO AppConfig::InitConfig Load RedisInfo => {"ID":"demoredis","ServerIP":"192.168.8.175:6379","DB":0,"Password":""}
2017-11-27 11:19:41 INFO AppConfig::InitConfig Finish Load RedisInfo
2017-11-27 11:19:41 INFO AppConfig::InitConfig 配置文件[D:/webdev/golang/goproject/src/dotapp_server/bin/app.conf]完成
2017-11-27 12:15:51 INFO AppConfig::InitConfig 配置文件[D:/webdev/golang/goproject/src/dotapp_server/bin/app.conf]开始...
2017-11-27 12:15:51 INFO AppConfig::InitConfig Load AppSet Start
2017-11-27 12:15:51 INFO AppConfig::InitConfig Load AppSet => {"Key":"ConfigPath","Value":"XXXXXXXX"}
2017-11-27 12:15:51 INFO AppConfig::InitConfig Load AppSet Finished [1]
2017-11-27 12:15:51 INFO AppConfig::InitConfig Start Load RedisInfo
2017-11-27 12:15:51 INFO AppConfig::InitConfig Load RedisInfo => {"ID":"demoredis","ServerIP":"192.168.8.175:6379","DB":0,"Password":""}
2017-11-27 12:15:51 INFO AppConfig::InitConfig Finish Load RedisInfo
2017-11-27 12:15:51 INFO AppConfig::InitConfig 配置文件[D:/webdev/golang/goproject/src/dotapp_server/bin/app.conf]完成
2017-11-27 12:26:11 INFO AppConfig::InitConfig 配置文件[D:/webdev/golang/goproject/src/dotapp_server/bin/app.conf]开始...
2017-11-27 12:29:30 INFO AppConfig::InitConfig 配置文件[D:/webdev/golang/goproject/src/dotapp_server/bin/app.conf]开始...
2017-11-27 12:29:30 INFO AppConfig::InitConfig Load AppSet Start
2017-11-27 12:29:30 INFO AppConfig::InitConfig Load AppSet => {"Key":"ConfigPath","Value":"XXXXXXXX"}
2017-11-27 12:29:30 INFO AppConfig::InitConfig Load AppSet Finished [1]
2017-11-27 12:29:30 INFO AppConfig::InitConfig Start Load RedisInfo
2017-11-27 12:29:30 INFO AppConfig::InitConfig Load RedisInfo => {"ID":"demoredis","ServerIP":"192.168.8.175:6379","DB":0,"Password":""}
2017-11-27 12:29:30 INFO AppConfig::InitConfig Finish Load RedisInfo
2017-11-27 12:29:30 INFO AppConfig::InitConfig 配置文件[D:/webdev/golang/goproject/src/dotapp_server/bin/app.conf]完成
2017-11-27 12:30:38 INFO AppConfig::InitConfig 配置文件[D:/webdev/golang/goproject/src/dotapp_server/bin/app.conf]开始...
2017-11-27 12:30:38 INFO AppConfig::InitConfig Load AppSet Start
2017-11-27 12:30:38 INFO AppConfig::InitConfig Load AppSet => {"Key":"ConfigPath","Value":"XXXXXXXX"}
2017-11-27 12:30:38 INFO AppConfig::InitConfig Load AppSet Finished [1]
2017-11-27 12:30:38 INFO AppConfig::InitConfig Start Load RedisInfo
2017-11-27 12:30:38 INFO AppConfig::InitConfig Load RedisInfo => {"ID":"demoredis","ServerIP":"192.168.8.175:6379","DB":0,"Password":""}
2017-11-27 12:30:38 INFO AppConfig::InitConfig Finish Load RedisInfo
2017-11-27 12:30:38 INFO AppConfig::InitConfig 配置文件[D:/webdev/golang/goproject/src/dotapp_server/bin/app.conf]完成
2017-11-27 14:25:38 INFO AppConfig::InitConfig 配置文件[D:/webdev/golang/goproject/src/dotapp_server/bin/app.conf]开始...
2017-11-27 14:25:38 INFO AppConfig::InitConfig Load AppSet Start
2017-11-27 14:25:38 INFO AppConfig::InitConfig Load AppSet => {"Key":"ConfigPath","Value":"XXXXXXXX"}
2017-11-27 14:25:38 INFO AppConfig::InitConfig Load AppSet Finished [1]
2017-11-27 14:25:38 INFO AppConfig::InitConfig Start Load RedisInfo
2017-11-27 14:25:38 INFO AppConfig::InitConfig Load RedisInfo => {"ID":"demoredis","ServerIP":"192.168.8.175:6379","DB":0,"Password":""}
2017-11-27 14:25:38 INFO AppConfig::InitConfig Finish Load RedisInfo
2017-11-27 14:25:38 INFO AppConfig::InitConfig 配置文件[D:/webdev/golang/goproject/src/dotapp_server/bin/app.conf]完成
2017-11-27 14:27:08 INFO AppConfig::InitConfig 配置文件[D:/webdev/golang/goproject/src/dotapp_server/bin/app.conf]开始...
2017-11-27 14:27:08 INFO AppConfig::InitConfig Load AppSet Start
2017-11-27 14:27:08 INFO AppConfig::InitConfig Load AppSet => {"Key":"ConfigPath","Value":"XXXXXXXX"}
2017-11-27 14:27:08 INFO AppConfig::InitConfig Load AppSet Finished [1]
2017-11-27 14:27:08 INFO AppConfig::InitConfig Start Load RedisInfo
2017-11-27 14:27:08 INFO AppConfig::InitConfig Load RedisInfo => {"ID":"demoredis","ServerIP":"192.168.8.175:6379","DB":0,"Password":""}
2017-11-27 14:27:08 INFO AppConfig::InitConfig Finish Load RedisInfo
2017-11-27 14:27:08 INFO AppConfig::InitConfig 配置文件[D:/webdev/golang/goproject/src/dotapp_server/bin/app.conf]完成
2017-11-27 14:28:42 INFO AppConfig::InitConfig 配置文件[D:/webdev/golang/goproject/src/dotapp_server/bin/app.conf]开始...
2017-11-27 14:28:42 INFO AppConfig::InitConfig Load AppSet Start
2017-11-27 14:28:42 INFO AppConfig::InitConfig Load AppSet => {"Key":"ConfigPath","Value":"XXXXXXXX"}
2017-11-27 14:28:42 INFO AppConfig::InitConfig Load AppSet Finished [1]
2017-11-27 14:28:42 INFO AppConfig::InitConfig Start Load RedisInfo
2017-11-27 14:28:42 INFO AppConfig::InitConfig Load RedisInfo => {"ID":"demoredis","ServerIP":"192.168.8.175:6379","DB":0,"Password":""}
2017-11-27 14:28:42 INFO AppConfig::InitConfig Finish Load RedisInfo
2017-11-27 14:28:42 INFO AppConfig::InitConfig 配置文件[D:/webdev/golang/goproject/src/dotapp_server/bin/app.conf]完成
2017-11-27 14:49:56 INFO AppConfig::InitConfig 配置文件[D:/webdev/golang/goproject/src/dotapp_server/bin/app.conf]开始...
2017-11-27 14:49:56 INFO AppConfig::InitConfig Load AppSet Start
2017-11-27 14:49:56 INFO AppConfig::InitConfig Load AppSet => {"Key":"ConfigPath","Value":"XXXXXXXX"}
2017-11-27 14:49:56 INFO AppConfig::InitConfig Load AppSet Finished [1]
2017-11-27 14:49:56 INFO AppConfig::InitConfig Start Load RedisInfo
2017-11-27 14:49:56 INFO AppConfig::InitConfig Load RedisInfo => {"ID":"demoredis","ServerIP":"192.168.8.175:6379","DB":0,"Password":""}
2017-11-27 14:49:56 INFO AppConfig::InitConfig Finish Load RedisInfo
2017-11-27 14:49:56 INFO AppConfig::InitConfig 配置文件[D:/webdev/golang/goproject/src/dotapp_server/bin/app.conf]完成
2017-11-27 14:51:45 INFO AppConfig::InitConfig 配置文件[D:/webdev/golang/goproject/src/dotapp_server/bin/app.conf]开始...
2017-11-27 14:51:45 INFO AppConfig::InitConfig Load AppSet Start
2017-11-27 14:51:45 INFO AppConfig::InitConfig Load AppSet => {"Key":"ConfigPath","Value":"XXXXXXXX"}
2017-11-27 14:51:45 INFO AppConfig::InitConfig Load AppSet Finished [1]
2017-11-27 14:51:45 INFO AppConfig::InitConfig Start Load RedisInfo
2017-11-27 14:51:45 INFO AppConfig::InitConfig Load RedisInfo => {"ID":"demoredis","ServerIP":"192.168.8.175:6379","DB":0,"Password":""}
2017-11-27 14:51:45 INFO AppConfig::InitConfig Finish Load RedisInfo
2017-11-27 14:51:45 INFO AppConfig::InitConfig 配置文件[D:/webdev/golang/goproject/src/dotapp_server/bin/app.conf]完成
2017-11-27 15:08:05 INFO AppConfig::InitConfig 配置文件[D:/webdev/golang/goproject/src/dotapp_server/bin/app.conf]开始...
2017-11-27 15:08:05 INFO AppConfig::InitConfig Load AppSet Start
2017-11-27 15:08:05 INFO AppConfig::InitConfig Load AppSet => {"Key":"ConfigPath","Value":"XXXXXXXX"}
2017-11-27 15:08:05 INFO AppConfig::InitConfig Load AppSet Finished [1]
2017-11-27 15:08:05 INFO AppConfig::InitConfig Start Load RedisInfo
2017-11-27 15:08:05 INFO AppConfig::InitConfig Load RedisInfo => {"ID":"demoredis","ServerIP":"192.168.8.175:6379","DB":0,"Password":""}
2017-11-27 15:08:05 INFO AppConfig::InitConfig Finish Load RedisInfo
2017-11-27 15:08:05 INFO AppConfig::InitConfig 配置文件[D:/webdev/golang/goproject/src/dotapp_server/bin/app.conf]完成
2017-11-27 15:10:27 INFO AppConfig::InitConfig 配置文件[D:/webdev/golang/goproject/src/dotapp_server/bin/app.conf]开始...
2017-11-27 15:10:27 INFO AppConfig::InitConfig Load AppSet Start
2017-11-27 15:10:27 INFO AppConfig::InitConfig Load AppSet => {"Key":"ConfigPath","Value":"XXXXXXXX"}
2017-11-27 15:10:27 INFO AppConfig::InitConfig Load AppSet Finished [1]
2017-11-27 15:10:27 INFO AppConfig::InitConfig Start Load RedisInfo
2017-11-27 15:10:27 INFO AppConfig::InitConfig Load RedisInfo => {"ID":"demoredis","ServerIP":"192.168.8.175:6379","DB":0,"Password":""}
2017-11-27 15:10:27 INFO AppConfig::InitConfig Finish Load RedisInfo
2017-11-27 15:10:27 INFO AppConfig::InitConfig 配置文件[D:/webdev/golang/goproject/src/dotapp_server/bin/app.conf]完成
2017-11-27 15:13:14 INFO AppConfig::InitConfig 配置文件[D:/webdev/golang/goproject/src/dotapp_server/bin/app.conf]开始...
2017-11-27 15:13:14 INFO AppConfig::InitConfig Load AppSet Start
2017-11-27 15:13:14 INFO AppConfig::InitConfig Load AppSet => {"Key":"ConfigPath","Value":"XXXXXXXX"}
2017-11-27 15:13:14 INFO AppConfig::InitConfig Load AppSet Finished [1]
2017-11-27 15:13:14 INFO AppConfig::InitConfig Start Load RedisInfo
2017-11-27 15:13:14 INFO AppConfig::InitConfig Load RedisInfo => {"ID":"demoredis","ServerIP":"192.168.8.175:6379","DB":0,"Password":""}
2017-11-27 15:13:14 INFO AppConfig::InitConfig Finish Load RedisInfo
2017-11-27 15:13:14 INFO AppConfig::InitConfig 配置文件[D:/webdev/golang/goproject/src/dotapp_server/bin/app.conf]完成
2017-11-27 15:20:02 INFO AppConfig::InitConfig 配置文件[D:/webdev/golang/goproject/src/dotapp_server/bin/app.conf]开始...
2017-11-27 15:20:02 INFO AppConfig::InitConfig Load AppSet Start
2017-11-27 15:20:02 INFO AppConfig::InitConfig Load AppSet => {"Key":"ConfigPath","Value":"XXXXXXXX"}
2017-11-27 15:20:02 INFO AppConfig::InitConfig Load AppSet Finished [1]
2017-11-27 15:20:02 INFO AppConfig::InitConfig Start Load RedisInfo
2017-11-27 15:20:02 INFO AppConfig::InitConfig Load RedisInfo => {"ID":"demoredis","ServerIP":"192.168.8.175:6379","DB":0,"Password":""}
2017-11-27 15:20:02 INFO AppConfig::InitConfig Finish Load RedisInfo
2017-11-27 15:20:02 INFO AppConfig::InitConfig 配置文件[D:/webdev/golang/goproject/src/dotapp_server/bin/app.conf]完成
2017-11-27 15:44:44 INFO AppConfig::InitConfig 配置文件[D:/webdev/golang/goproject/src/dotapp_server/bin/app.conf]开始...
2017-11-27 15:44:44 INFO AppConfig::InitConfig Load AppSet Start
2017-11-27 15:44:44 INFO AppConfig::InitConfig Load AppSet => {"Key":"ConfigPath","Value":"XXXXXXXX"}
2017-11-27 15:44:44 INFO AppConfig::InitConfig Load AppSet Finished [1]
2017-11-27 15:44:44 INFO AppConfig::InitConfig Start Load RedisInfo
2017-11-27 15:44:44 INFO AppConfig::InitConfig Load RedisInfo => {"ID":"demoredis","ServerIP":"192.168.8.175:6379","DB":0,"Password":""}
2017-11-27 15:44:44 INFO AppConfig::InitConfig Finish Load RedisInfo
2017-11-27 15:44:44 INFO AppConfig::InitConfig 配置文件[D:/webdev/golang/goproject/src/dotapp_server/bin/app.conf]完成
2017-11-27 15:51:58 INFO AppConfig::InitConfig 配置文件[D:/webdev/golang/goproject/src/dotapp_server/bin/app.conf]开始...
2017-11-27 15:51:58 INFO AppConfig::InitConfig Load AppSet Start
2017-11-27 15:51:58 INFO AppConfig::InitConfig Load AppSet => {"Key":"ConfigPath","Value":"XXXXXXXX"}
2017-11-27 15:51:58 INFO AppConfig::InitConfig Load AppSet Finished [1]
2017-11-27 15:51:58 INFO AppConfig::InitConfig Start Load RedisInfo
2017-11-27 15:51:58 INFO AppConfig::InitConfig Load RedisInfo => {"ID":"demoredis","ServerIP":"192.168.8.175:6379","DB":0,"Password":""}
2017-11-27 15:51:58 INFO AppConfig::InitConfig Finish Load RedisInfo
2017-11-27 15:51:58 INFO AppConfig::InitConfig 配置文件[D:/webdev/golang/goproject/src/dotapp_server/bin/app.conf]完成
2017-11-27 15:57:21 INFO AppConfig::InitConfig 配置文件[D:/webdev/golang/goproject/src/dotapp_server/bin/app.conf]开始...
2017-11-27 15:57:21 INFO AppConfig::InitConfig Load AppSet Start
2017-11-27 15:57:21 INFO AppConfig::InitConfig Load AppSet => {"Key":"ConfigPath","Value":"XXXXXXXX"}
2017-11-27 15:57:21 INFO AppConfig::InitConfig Load AppSet Finished [1]
2017-11-27 15:57:21 INFO AppConfig::InitConfig Start Load RedisInfo
2017-11-27 15:57:21 INFO AppConfig::InitConfig Load RedisInfo => {"ID":"demoredis","ServerIP":"192.168.8.175:6379","DB":0,"Password":""}
2017-11-27 15:57:21 INFO AppConfig::InitConfig Finish Load RedisInfo
2017-11-27 15:57:21 INFO AppConfig::InitConfig 配置文件[D:/webdev/golang/goproject/src/dotapp_server/bin/app.conf]完成
2017-11-27 16:11:32 INFO AppConfig::InitConfig 配置文件[D:/webdev/golang/goproject/src/dotapp_server/bin/app.conf]开始...
2017-11-27 16:11:32 INFO AppConfig::InitConfig Load AppSet Start
2017-11-27 16:11:32 INFO AppConfig::InitConfig Load AppSet => {"Key":"ConfigPath","Value":"XXXXXXXX"}
2017-11-27 16:11:32 INFO AppConfig::InitConfig Load AppSet Finished [1]
2017-11-27 16:11:32 INFO AppConfig::InitConfig Start Load RedisInfo
2017-11-27 16:11:32 INFO AppConfig::InitConfig Load RedisInfo => {"ID":"demoredis","ServerIP":"192.168.8.175:6379","DB":0,"Password":""}
2017-11-27 16:11:32 INFO AppConfig::InitConfig Finish Load RedisInfo
2017-11-27 16:11:32 INFO AppConfig::InitConfig 配置文件[D:/webdev/golang/goproject/src/dotapp_server/bin/app.conf]完成
2017-11-27 16:12:04 INFO AppConfig::InitConfig 配置文件[D:/webdev/golang/goproject/src/dotapp_server/bin/app.conf]开始...
2017-11-27 16:12:04 INFO AppConfig::InitConfig Load AppSet Start
2017-11-27 16:12:04 INFO AppConfig::InitConfig Load AppSet => {"Key":"ConfigPath","Value":"XXXXXXXX"}
2017-11-27 16:12:04 INFO AppConfig::InitConfig Load AppSet Finished [1]
2017-11-27 16:12:04 INFO AppConfig::InitConfig Start Load RedisInfo
2017-11-27 16:12:04 INFO AppConfig::InitConfig Load RedisInfo => {"ID":"demoredis","ServerIP":"192.168.8.175:6379","DB":0,"Password":""}
2017-11-27 16:12:04 INFO AppConfig::InitConfig Finish Load RedisInfo
2017-11-27 16:12:04 INFO AppConfig::InitConfig 配置文件[D:/webdev/golang/goproject/src/dotapp_server/bin/app.conf]完成
2017-11-27 16:18:06 INFO AppConfig::InitConfig 配置文件[D:/webdev/golang/goproject/src/dotapp_server/bin/app.conf]开始...
2017-11-27 16:18:06 INFO AppConfig::InitConfig Load AppSet Start
2017-11-27 16:18:06 INFO AppConfig::InitConfig Load AppSet => {"Key":"ConfigPath","Value":"XXXXXXXX"}
2017-11-27 16:18:06 INFO AppConfig::InitConfig Load AppSet Finished [1]
2017-11-27 16:18:06 INFO AppConfig::InitConfig Start Load RedisInfo
2017-11-27 16:18:06 INFO AppConfig::InitConfig Load RedisInfo => {"ID":"demoredis","ServerIP":"192.168.8.175:6379","DB":0,"Password":""}
2017-11-27 16:18:06 INFO AppConfig::InitConfig Finish Load RedisInfo
2017-11-27 16:18:06 INFO AppConfig::InitConfig 配置文件[D:/webdev/golang/goproject/src/dotapp_server/bin/app.conf]完成
2017-11-27 16:29:06 INFO AppConfig::InitConfig 配置文件[D:/webdev/golang/goproject/src/dotapp_server/bin/app.conf]开始...
2017-11-27 16:29:06 INFO AppConfig::InitConfig Load AppSet Start
2017-11-27 16:29:06 INFO AppConfig::InitConfig Load AppSet => {"Key":"ConfigPath","Value":"XXXXXXXX"}
2017-11-27 16:29:06 INFO AppConfig::InitConfig Load AppSet Finished [1]
2017-11-27 16:29:06 INFO AppConfig::InitConfig Start Load RedisInfo
2017-11-27 16:29:06 INFO AppConfig::InitConfig Load RedisInfo => {"ID":"demoredis","ServerIP":"192.168.8.175:6379","DB":0,"Password":""}
2017-11-27 16:29:06 INFO AppConfig::InitConfig Finish Load RedisInfo
2017-11-27 16:29:06 INFO AppConfig::InitConfig 配置文件[D:/webdev/golang/goproject/src/dotapp_server/bin/app.conf]完成
2017-11-27 16:29:17 INFO AppConfig::InitConfig 配置文件[D:/webdev/golang/goproject/src/dotapp_server/bin/app.conf]开始...
2017-11-27 16:29:17 INFO AppConfig::InitConfig Load AppSet Start
2017-11-27 16:29:17 INFO AppConfig::InitConfig Load AppSet => {"Key":"ConfigPath","Value":"XXXXXXXX"}
2017-11-27 16:29:17 INFO AppConfig::InitConfig Load AppSet Finished [1]
2017-11-27 16:29:17 INFO AppConfig::InitConfig Start Load RedisInfo
2017-11-27 16:29:17 INFO AppConfig::InitConfig Load RedisInfo => {"ID":"demoredis","ServerIP":"192.168.8.175:6379","DB":0,"Password":""}
2017-11-27 16:29:17 INFO AppConfig::InitConfig Finish Load RedisInfo
2017-11-27 16:29:17 INFO AppConfig::InitConfig 配置文件[D:/webdev/golang/goproject/src/dotapp_server/bin/app.conf]完成
2017-11-27 16:30:10 INFO AppConfig::InitConfig 配置文件[D:/webdev/golang/goproject/src/dotapp_server/bin/app.conf]开始...
2017-11-27 16:30:10 INFO AppConfig::InitConfig Load AppSet Start
2017-11-27 16:30:10 INFO AppConfig::InitConfig Load AppSet => {"Key":"ConfigPath","Value":"XXXXXXXX"}
2017-11-27 16:30:10 INFO AppConfig::InitConfig Load AppSet Finished [1]
2017-11-27 16:30:10 INFO AppConfig::InitConfig Start Load RedisInfo
2017-11-27 16:30:10 INFO AppConfig::InitConfig Load RedisInfo => {"ID":"demoredis","ServerIP":"192.168.8.175:6379","DB":0,"Password":""}
2017-11-27 16:30:10 INFO AppConfig::InitConfig Finish Load RedisInfo
2017-11-27 16:30:10 INFO AppConfig::InitConfig 配置文件[D:/webdev/golang/goproject/src/dotapp_server/bin/app.conf]完成
2017-11-27 16:45:53 INFO AppConfig::InitConfig 配置文件[D:/webdev/golang/goproject/src/dotapp_server/bin/app.conf]开始...
2017-11-27 16:45:53 INFO AppConfig::InitConfig Load AppSet Start
2017-11-27 16:45:53 INFO AppConfig::InitConfig Load AppSet => {"Key":"ConfigPath","Value":"XXXXXXXX"}
2017-11-27 16:45:53 INFO AppConfig::InitConfig Load AppSet Finished [1]
2017-11-27 16:45:53 INFO AppConfig::InitConfig Start Load RedisInfo
2017-11-27 16:45:53 INFO AppConfig::InitConfig Load RedisInfo => {"ID":"demoredis","ServerIP":"192.168.8.175:6379","DB":0,"Password":""}
2017-11-27 16:45:53 INFO AppConfig::InitConfig Finish Load RedisInfo
2017-11-27 16:45:53 INFO AppConfig::InitConfig 配置文件[D:/webdev/golang/goproject/src/dotapp_server/bin/app.conf]完成
2017-11-27 17:12:31 INFO AppConfig::InitConfig 配置文件[D:/webdev/golang/goproject/src/dotapp_server/bin/app.conf]开始...
2017-11-27 17:12:31 INFO AppConfig::InitConfig Load AppSet Start
2017-11-27 17:12:31 INFO AppConfig::InitConfig Load AppSet => {"Key":"ConfigPath","Value":"XXXXXXXX"}
2017-11-27 17:12:31 INFO AppConfig::InitConfig Load AppSet Finished [1]
2017-11-27 17:12:31 INFO AppConfig::InitConfig Start Load RedisInfo
2017-11-27 17:12:31 INFO AppConfig::InitConfig Load RedisInfo => {"ID":"demoredis","ServerIP":"192.168.8.175:6379","DB":0,"Password":""}
2017-11-27 17:12:31 INFO AppConfig::InitConfig Finish Load RedisInfo
2017-11-27 17:12:31 INFO AppConfig::InitConfig 配置文件[D:/webdev/golang/goproject/src/dotapp_server/bin/app.conf]完成
2017-11-27 17:14:18 INFO AppConfig::InitConfig 配置文件[D:/webdev/golang/goproject/src/dotapp_server/bin/app.conf]开始...
2017-11-27 17:14:18 INFO AppConfig::InitConfig Load AppSet Start
2017-11-27 17:14:18 INFO AppConfig::InitConfig Load AppSet => {"Key":"ConfigPath","Value":"XXXXXXXX"}
2017-11-27 17:14:18 INFO AppConfig::InitConfig Load AppSet Finished [1]
2017-11-27 17:14:18 INFO AppConfig::InitConfig Start Load RedisInfo
2017-11-27 17:14:18 INFO AppConfig::InitConfig Load RedisInfo => {"ID":"demoredis","ServerIP":"192.168.8.175:6379","DB":0,"Password":""}
2017-11-27 17:14:18 INFO AppConfig::InitConfig Finish Load RedisInfo
2017-11-27 17:14:18 INFO AppConfig::InitConfig 配置文件[D:/webdev/golang/goproject/src/dotapp_server/bin/app.conf]完成
2017-11-27 17:14:41 INFO AppConfig::InitConfig 配置文件[D:/webdev/golang/goproject/src/dotapp_server/bin/app.conf]开始...
2017-11-27 17:14:41 INFO AppConfig::InitConfig Load AppSet Start
2017-11-27 17:14:41 INFO AppConfig::InitConfig Load AppSet => {"Key":"ConfigPath","Value":"XXXXXXXX"}
2017-11-27 17:14:41 INFO AppConfig::InitConfig Load AppSet Finished [1]
2017-11-27 17:14:41 INFO AppConfig::InitConfig Start Load RedisInfo
2017-11-27 17:14:41 INFO AppConfig::InitConfig Load RedisInfo => {"ID":"demoredis","ServerIP":"192.168.8.175:6379","DB":0,"Password":""}
2017-11-27 17:14:41 INFO AppConfig::InitConfig Finish Load RedisInfo
2017-11-27 17:14:41 INFO AppConfig::InitConfig 配置文件[D:/webdev/golang/goproject/src/dotapp_server/bin/app.conf]完成
2017-11-27 17:23:33 INFO AppConfig::InitConfig 配置文件[D:/webdev/golang/goproject/src/dotapp_server/bin/app.conf]开始...
2017-11-27 17:23:33 INFO AppConfig::InitConfig Load AppSet Start
2017-11-27 17:23:33 INFO AppConfig::InitConfig Load AppSet => {"Key":"ConfigPath","Value":"XXXXXXXX"}
2017-11-27 17:23:33 INFO AppConfig::InitConfig Load AppSet Finished [1]
2017-11-27 17:23:33 INFO AppConfig::InitConfig Start Load RedisInfo
2017-11-27 17:23:33 INFO AppConfig::InitConfig Load RedisInfo => {"ID":"demoredis","ServerIP":"192.168.8.175:6379","DB":0,"Password":""}
2017-11-27 17:23:33 INFO AppConfig::InitConfig Finish Load RedisInfo
2017-11-27 17:23:33 INFO AppConfig::InitConfig 配置文件[D:/webdev/golang/goproject/src/dotapp_server/bin/app.conf]完成
2017-11-27 17:26:14 INFO AppConfig::InitConfig 配置文件[D:/webdev/golang/goproject/src/dotapp_server/bin/app.conf]开始...
2017-11-27 17:26:14 INFO AppConfig::InitConfig Load AppSet Start
2017-11-27 17:26:14 INFO AppConfig::InitConfig Load AppSet => {"Key":"ConfigPath","Value":"XXXXXXXX"}
2017-11-27 17:26:14 INFO AppConfig::InitConfig Load AppSet Finished [1]
2017-11-27 17:26:14 INFO AppConfig::InitConfig Start Load RedisInfo
2017-11-27 17:26:14 INFO AppConfig::InitConfig Load RedisInfo => {"ID":"demoredis","ServerIP":"192.168.8.175:6379","DB":0,"Password":""}
2017-11-27 17:26:14 INFO AppConfig::InitConfig Finish Load RedisInfo
2017-11-27 17:26:14 INFO AppConfig::InitConfig 配置文件[D:/webdev/golang/goproject/src/dotapp_server/bin/app.conf]完成
2017-11-27 17:48:13 INFO AppConfig::InitConfig 配置文件[D:/webdev/golang/goproject/src/dotapp_server/bin/app.conf]开始...
2017-11-27 17:48:13 INFO AppConfig::InitConfig Load AppSet Start
2017-11-27 17:48:13 INFO AppConfig::InitConfig Load AppSet => {"Key":"ConfigPath","Value":"XXXXXXXX"}
2017-11-27 17:48:13 INFO AppConfig::InitConfig Load AppSet Finished [1]
2017-11-27 17:48:13 INFO AppConfig::InitConfig Start Load RedisInfo
2017-11-27 17:48:13 INFO AppConfig::InitConfig Load RedisInfo => {"ID":"demoredis","ServerIP":"192.168.8.175:6379","DB":0,"Password":""}
2017-11-27 17:48:13 INFO AppConfig::InitConfig Finish Load RedisInfo
2017-11-27 17:48:13 INFO AppConfig::InitConfig 配置文件[D:/webdev/golang/goproject/src/dotapp_server/bin/app.conf]完成
2017-11-27 17:57:10 INFO AppConfig::InitConfig 配置文件[D:/webdev/golang/goproject/src/dotapp_server/bin/app.conf]开始...
2017-11-27 17:57:10 INFO AppConfig::InitConfig Load AppSet Start
2017-11-27 17:57:10 INFO AppConfig::InitConfig Load AppSet => {"Key":"ConfigPath","Value":"XXXXXXXX"}
2017-11-27 17:57:10 INFO AppConfig::InitConfig Load AppSet Finished [1]
2017-11-27 17:57:10 INFO AppConfig::InitConfig Start Load RedisInfo
2017-11-27 17:57:10 INFO AppConfig::InitConfig Load RedisInfo => {"ID":"demoredis","ServerIP":"192.168.8.175:6379","DB":0,"Password":""}
2017-11-27 17:57:10 INFO AppConfig::InitConfig Finish Load RedisInfo
2017-11-27 17:57:10 INFO AppConfig::InitConfig 配置文件[D:/webdev/golang/goproject/src/dotapp_server/bin/app.conf]完成
2017-11-27 17:57:59 INFO AppConfig::InitConfig 配置文件[D:/webdev/golang/goproject/src/dotapp_server/bin/app.conf]开始...
2017-11-27 17:57:59 INFO AppConfig::InitConfig Load AppSet Start
2017-11-27 17:57:59 INFO AppConfig::InitConfig Load AppSet => {"Key":"ConfigPath","Value":"XXXXXXXX"}
2017-11-27 17:57:59 INFO AppConfig::InitConfig Load AppSet Finished [1]
2017-11-27 17:57:59 INFO AppConfig::InitConfig Start Load RedisInfo
2017-11-27 17:57:59 INFO AppConfig::InitConfig Load RedisInfo => {"ID":"demoredis","ServerIP":"192.168.8.175:6379","DB":0,"Password":""}
2017-11-27 17:57:59 INFO AppConfig::InitConfig Finish Load RedisInfo
2017-11-27 17:57:59 INFO AppConfig::InitConfig 配置文件[D:/webdev/golang/goproject/src/dotapp_server/bin/app.conf]完成
2017-11-27 17:58:47 INFO AppConfig::InitConfig 配置文件[D:/webdev/golang/goproject/src/dotapp_server/bin/app.conf]开始...
2017-11-27 17:58:47 INFO AppConfig::InitConfig Load AppSet Start
2017-11-27 17:58:47 INFO AppConfig::InitConfig Load AppSet => {"Key":"ConfigPath","Value":"XXXXXXXX"}
2017-11-27 17:58:47 INFO AppConfig::InitConfig Load AppSet Finished [1]
2017-11-27 17:58:47 INFO AppConfig::InitConfig Start Load RedisInfo
2017-11-27 17:58:47 INFO AppConfig::InitConfig Load RedisInfo => {"ID":"demoredis","ServerIP":"192.168.8.175:6379","DB":0,"Password":""}
2017-11-27 17:58:47 INFO AppConfig::InitConfig Finish Load RedisInfo
2017-11-27 17:58:47 INFO AppConfig::InitConfig 配置文件[D:/webdev/golang/goproject/src/dotapp_server/bin/app.conf]完成
2017-11-27 18:22:06 INFO AppConfig::InitConfig 配置文件[D:/webdev/golang/goproject/src/dotapp_server/bin/app.conf]开始...
2017-11-27 18:22:06 INFO AppConfig::InitConfig Load AppSet Start
2017-11-27 18:22:06 INFO AppConfig::InitConfig Load AppSet => {"Key":"ConfigPath","Value":"XXXXXXXX"}
2017-11-27 18:22:06 INFO AppConfig::InitConfig Load AppSet Finished [1]
2017-11-27 18:22:06 INFO AppConfig::InitConfig Start Load RedisInfo
2017-11-27 18:22:06 INFO AppConfig::InitConfig Load RedisInfo => {"ID":"demoredis","ServerIP":"192.168.8.175:6379","DB":0,"Password":""}
2017-11-27 18:22:06 INFO AppConfig::InitConfig Finish Load RedisInfo
2017-11-27 18:22:06 INFO AppConfig::InitConfig 配置文件[D:/webdev/golang/goproject/src/dotapp_server/bin/app.conf]完成
2017-11-27 18:23:39 INFO AppConfig::InitConfig 配置文件[D:/webdev/golang/goproject/src/dotapp_server/bin/app.conf]开始...
2017-11-27 18:23:39 INFO AppConfig::InitConfig Load AppSet Start
2017-11-27 18:23:39 INFO AppConfig::InitConfig Load AppSet => {"Key":"ConfigPath","Value":"XXXXXXXX"}
2017-11-27 18:23:39 INFO AppConfig::InitConfig Load AppSet Finished [1]
2017-11-27 18:23:39 INFO AppConfig::InitConfig Start Load RedisInfo
2017-11-27 18:23:39 INFO AppConfig::InitConfig Load RedisInfo => {"ID":"demoredis","ServerIP":"192.168.8.175:6379","DB":0,"Password":""}
2017-11-27 18:23:39 INFO AppConfig::InitConfig Finish Load RedisInfo
2017-11-27 18:23:39 INFO AppConfig::InitConfig 配置文件[D:/webdev/golang/goproject/src/dotapp_server/bin/app.conf]完成
2017-11-27 19:04:54 INFO AppConfig::InitConfig 配置文件[D:/webdev/golang/goproject/src/dotapp_server/bin/app.conf]开始...
2017-11-27 19:04:54 INFO AppConfig::InitConfig Load AppSet Start
2017-11-27 19:04:54 INFO AppConfig::InitConfig Load AppSet => {"Key":"ConfigPath","Value":"XXXXXXXX"}
2017-11-27 19:04:54 INFO AppConfig::InitConfig Load AppSet Finished [1]
2017-11-27 19:04:54 INFO AppConfig::InitConfig Start Load RedisInfo
2017-11-27 19:04:54 INFO AppConfig::InitConfig Load RedisInfo => {"ID":"demoredis","ServerIP":"192.168.8.175:6379","DB":0,"Password":""}
2017-11-27 19:04:54 INFO AppConfig::InitConfig Finish Load RedisInfo
2017-11-27 19:04:54 INFO AppConfig::InitConfig 配置文件[D:/webdev/golang/goproject/src/dotapp_server/bin/app.conf]完成
2017-11-27 19:10:16 INFO AppConfig::InitConfig 配置文件[D:/webdev/golang/goproject/src/dotapp_server/bin/app.conf]开始...
2017-11-27 19:10:16 INFO AppConfig::InitConfig Load AppSet Start
2017-11-27 19:10:16 INFO AppConfig::InitConfig Load AppSet => {"Key":"ConfigPath","Value":"XXXXXXXX"}
2017-11-27 19:10:16 INFO AppConfig::InitConfig Load AppSet Finished [1]
2017-11-27 19:10:16 INFO AppConfig::InitConfig Start Load RedisInfo
2017-11-27 19:10:16 INFO AppConfig::InitConfig Load RedisInfo => {"ID":"demoredis","ServerIP":"192.168.8.175:6379","DB":0,"Password":""}
2017-11-27 19:10:16 INFO AppConfig::InitConfig Finish Load RedisInfo
2017-11-27 19:10:16 INFO AppConfig::InitConfig 配置文件[D:/webdev/golang/goproject/src/dotapp_server/bin/app.conf]完成
2017-11-27 19:12:39 INFO AppConfig::InitConfig 配置文件[D:/webdev/golang/goproject/src/dotapp_server/bin/app.conf]开始...
2017-11-27 19:12:39 INFO AppConfig::InitConfig Load AppSet Start
2017-11-27 19:12:39 INFO AppConfig::InitConfig Load AppSet => {"Key":"ConfigPath","Value":"XXXXXXXX"}
2017-11-27 19:12:39 INFO AppConfig::InitConfig Load AppSet Finished [1]
2017-11-27 19:12:39 INFO AppConfig::InitConfig Start Load RedisInfo
2017-11-27 19:12:39 INFO AppConfig::InitConfig Load RedisInfo => {"ID":"demoredis","ServerIP":"192.168.8.175:6379","DB":0,"Password":""}
2017-11-27 19:12:39 INFO AppConfig::InitConfig Finish Load RedisInfo
2017-11-27 19:12:39 INFO AppConfig::InitConfig 配置文件[D:/webdev/golang/goproject/src/dotapp_server/bin/app.conf]完成
2017-11-27 19:16:48 INFO AppConfig::InitConfig 配置文件[D:/webdev/golang/goproject/src/dotapp_server/bin/app.conf]开始...
2017-11-27 19:16:48 INFO AppConfig::InitConfig Load AppSet Start
2017-11-27 19:16:48 INFO AppConfig::InitConfig Load AppSet => {"Key":"ConfigPath","Value":"XXXXXXXX"}
2017-11-27 19:16:48 INFO AppConfig::InitConfig Load AppSet Finished [1]
2017-11-27 19:16:48 INFO AppConfig::InitConfig Start Load RedisInfo
2017-11-27 19:16:48 INFO AppConfig::InitConfig Load RedisInfo => {"ID":"demoredis","ServerIP":"192.168.8.175:6379","DB":0,"Password":""}
2017-11-27 19:16:48 INFO AppConfig::InitConfig Finish Load RedisInfo
2017-11-27 19:16:48 INFO AppConfig::InitConfig 配置文件[D:/webdev/golang/goproject/src/dotapp_server/bin/app.conf]完成
2017-11-27 19:17:44 INFO AppConfig::InitConfig 配置文件[D:/webdev/golang/goproject/src/dotapp_server/bin/app.conf]开始...
2017-11-27 19:17:44 INFO AppConfig::InitConfig Load AppSet Start
2017-11-27 19:17:44 INFO AppConfig::InitConfig Load AppSet => {"Key":"ConfigPath","Value":"XXXXXXXX"}
2017-11-27 19:17:44 INFO AppConfig::InitConfig Load AppSet Finished [1]
2017-11-27 19:17:44 INFO AppConfig::InitConfig Start Load RedisInfo
2017-11-27 19:17:44 INFO AppConfig::InitConfig Load RedisInfo => {"ID":"demoredis","ServerIP":"192.168.8.175:6379","DB":0,"Password":""}
2017-11-27 19:17:44 INFO AppConfig::InitConfig Finish Load RedisInfo
2017-11-27 19:17:44 INFO AppConfig::InitConfig 配置文件[D:/webdev/golang/goproject/src/dotapp_server/bin/app.conf]完成
2017-11-27 19:18:20 INFO AppConfig::InitConfig 配置文件[D:/webdev/golang/goproject/src/dotapp_server/bin/app.conf]开始...
2017-11-27 19:18:20 INFO AppConfig::InitConfig Load AppSet Start
2017-11-27 19:18:20 INFO AppConfig::InitConfig Load AppSet => {"Key":"ConfigPath","Value":"XXXXXXXX"}
2017-11-27 19:18:20 INFO AppConfig::InitConfig Load AppSet Finished [1]
2017-11-27 19:18:20 INFO AppConfig::InitConfig Start Load RedisInfo
2017-11-27 19:18:20 INFO AppConfig::InitConfig Load RedisInfo => {"ID":"demoredis","ServerIP":"192.168.8.175:6379","DB":0,"Password":""}
2017-11-27 19:18:20 INFO AppConfig::InitConfig Finish Load RedisInfo
2017-11-27 19:18:20 INFO AppConfig::InitConfig 配置文件[D:/webdev/golang/goproject/src/dotapp_server/bin/app.conf]完成
2017-11-27 19:36:20 INFO AppConfig::InitConfig 配置文件[D:/webdev/golang/goproject/src/dotapp_server/bin/app.conf]开始...
2017-11-27 19:36:20 INFO AppConfig::InitConfig Load AppSet Start
2017-11-27 19:36:20 INFO AppConfig::InitConfig Load AppSet => {"Key":"ConfigPath","Value":"XXXXXXXX"}
2017-11-27 19:36:20 INFO AppConfig::InitConfig Load AppSet Finished [1]
2017-11-27 19:36:20 INFO AppConfig::InitConfig Start Load RedisInfo
2017-11-27 19:36:20 INFO AppConfig::InitConfig Load RedisInfo => {"ID":"demoredis","ServerIP":"192.168.8.175:6379","DB":0,"Password":""}
2017-11-27 19:36:20 INFO AppConfig::InitConfig Finish Load RedisInfo
2017-11-27 19:36:20 INFO AppConfig::InitConfig 配置文件[D:/webdev/golang/goproject/src/dotapp_server/bin/app.conf]完成
2017-11-27 19:37:18 INFO AppConfig::InitConfig 配置文件[D:/webdev/golang/goproject/src/dotapp_server/bin/app.conf]开始...
2017-11-27 19:37:18 INFO AppConfig::InitConfig Load AppSet Start
2017-11-27 19:37:18 INFO AppConfig::InitConfig Load AppSet => {"Key":"ConfigPath","Value":"XXXXXXXX"}
2017-11-27 19:37:18 INFO AppConfig::InitConfig Load AppSet Finished [1]
2017-11-27 19:37:18 INFO AppConfig::InitConfig Start Load RedisInfo
2017-11-27 19:37:18 INFO AppConfig::InitConfig Load RedisInfo => {"ID":"demoredis","ServerIP":"192.168.8.175:6379","DB":0,"Password":""}
2017-11-27 19:37:18 INFO AppConfig::InitConfig Finish Load RedisInfo
2017-11-27 19:37:18 INFO AppConfig::InitConfig 配置文件[D:/webdev/golang/goproject/src/dotapp_server/bin/app.conf]完成
2017-11-27 19:38:17 INFO AppConfig::InitConfig 配置文件[D:/webdev/golang/goproject/src/dotapp_server/bin/app.conf]开始...
2017-11-27 19:38:17 INFO AppConfig::InitConfig Load AppSet Start
2017-11-27 19:38:17 INFO AppConfig::InitConfig Load AppSet => {"Key":"ConfigPath","Value":"XXXXXXXX"}
2017-11-27 19:38:17 INFO AppConfig::InitConfig Load AppSet Finished [1]
2017-11-27 19:38:17 INFO AppConfig::InitConfig Start Load RedisInfo
2017-11-27 19:38:17 INFO AppConfig::InitConfig Load RedisInfo => {"ID":"demoredis","ServerIP":"192.168.8.175:6379","DB":0,"Password":""}
2017-11-27 19:38:17 INFO AppConfig::InitConfig Finish Load RedisInfo
2017-11-27 19:38:17 INFO AppConfig::InitConfig 配置文件[D:/webdev/golang/goproject/src/dotapp_server/bin/app.conf]完成
2017-11-27 19:41:08 INFO AppConfig::InitConfig 配置文件[D:/webdev/golang/goproject/src/dotapp_server/bin/app.conf]开始...
2017-11-27 19:41:08 INFO AppConfig::InitConfig Load AppSet Start
2017-11-27 19:41:08 INFO AppConfig::InitConfig Load AppSet => {"Key":"ConfigPath","Value":"XXXXXXXX"}
2017-11-27 19:41:08 INFO AppConfig::InitConfig Load AppSet Finished [1]
2017-11-27 19:41:08 INFO AppConfig::InitConfig Start Load RedisInfo
2017-11-27 19:41:08 INFO AppConfig::InitConfig Load RedisInfo => {"ID":"demoredis","ServerIP":"192.168.8.175:6379","DB":0,"Password":""}
2017-11-27 19:41:08 INFO AppConfig::InitConfig Finish Load RedisInfo
2017-11-27 19:41:08 INFO AppConfig::InitConfig 配置文件[D:/webdev/golang/goproject/src/dotapp_server/bin/app.conf]完成
2017-11-27 19:41:59 INFO AppConfig::InitConfig 配置文件[D:/webdev/golang/goproject/src/dotapp_server/bin/app.conf]开始...
2017-11-27 19:41:59 INFO AppConfig::InitConfig Load AppSet Start
2017-11-27 19:41:59 INFO AppConfig::InitConfig Load AppSet => {"Key":"ConfigPath","Value":"XXXXXXXX"}
2017-11-27 19:41:59 INFO AppConfig::InitConfig Load AppSet Finished [1]
2017-11-27 19:41:59 INFO AppConfig::InitConfig Start Load RedisInfo
2017-11-27 19:41:59 INFO AppConfig::InitConfig Load RedisInfo => {"ID":"demoredis","ServerIP":"192.168.8.175:6379","DB":0,"Password":""}
2017-11-27 19:41:59 INFO AppConfig::InitConfig Finish Load RedisInfo
2017-11-27 19:41:59 INFO AppConfig::InitConfig 配置文件[D:/webdev/golang/goproject/src/dotapp_server/bin/app.conf]完成
2017-11-27 19:42:57 INFO AppConfig::InitConfig 配置文件[D:/webdev/golang/goproject/src/dotapp_server/bin/app.conf]开始...
2017-11-27 19:42:57 INFO AppConfig::InitConfig Load AppSet Start
2017-11-27 19:42:57 INFO AppConfig::InitConfig Load AppSet => {"Key":"ConfigPath","Value":"XXXXXXXX"}
2017-11-27 19:42:57 INFO AppConfig::InitConfig Load AppSet Finished [1]
2017-11-27 19:42:57 INFO AppConfig::InitConfig Start Load RedisInfo
2017-11-27 19:42:57 INFO AppConfig::InitConfig Load RedisInfo => {"ID":"demoredis","ServerIP":"192.168.8.175:6379","DB":0,"Password":""}
2017-11-27 19:42:57 INFO AppConfig::InitConfig Finish Load RedisInfo
2017-11-27 19:42:57 INFO AppConfig::InitConfig 配置文件[D:/webdev/golang/goproject/src/dotapp_server/bin/app.conf]完成
2017-11-27 19:46:49 INFO AppConfig::InitConfig 配置文件[D:/webdev/golang/goproject/src/dotapp_server/bin/app.conf]开始...
2017-11-27 19:46:49 INFO AppConfig::InitConfig Load AppSet Start
2017-11-27 19:46:49 INFO AppConfig::InitConfig Load AppSet => {"Key":"ConfigPath","Value":"XXXXXXXX"}
2017-11-27 19:46:49 INFO AppConfig::InitConfig Load AppSet Finished [1]
2017-11-27 19:46:49 INFO AppConfig::InitConfig Start Load RedisInfo
2017-11-27 19:46:49 INFO AppConfig::InitConfig Load RedisInfo => {"ID":"demoredis","ServerIP":"192.168.8.175:6379","DB":0,"Password":""}
2017-11-27 19:46:49 INFO AppConfig::InitConfig Finish Load RedisInfo
2017-11-27 19:46:49 INFO AppConfig::InitConfig 配置文件[D:/webdev/golang/goproject/src/dotapp_server/bin/app.conf]完成
2017-11-27 20:13:37 INFO AppConfig::InitConfig 配置文件[D:/webdev/golang/goproject/src/dotapp_server/bin/app.conf]开始...
2017-11-27 20:13:37 INFO AppConfig::InitConfig Load AppSet Start
2017-11-27 20:13:37 INFO AppConfig::InitConfig Load AppSet => {"Key":"ConfigPath","Value":"XXXXXXXX"}
2017-11-27 20:13:37 INFO AppConfig::InitConfig Load AppSet Finished [1]
2017-11-27 20:13:37 INFO AppConfig::InitConfig Start Load RedisInfo
2017-11-27 20:13:37 INFO AppConfig::InitConfig Load RedisInfo => {"ID":"demoredis","ServerIP":"192.168.8.175:6379","DB":0,"Password":""}
2017-11-27 20:13:37 INFO AppConfig::InitConfig Finish Load RedisInfo
2017-11-27 20:13:37 INFO AppConfig::InitConfig 配置文件[D:/webdev/golang/goproject/src/dotapp_server/bin/app.conf]完成
