2017-11-23 17:06:32 DEBUG [*******************New Begin***********************]
2017-11-23 17:06:32 DEBUG [devfeel.dotlog InitConfig success]
2017-11-23 17:06:32 DEBUG [RegisterUserVar success - total: 7]
2017-11-23 17:06:32 DEBUG [InitFileTargets success - total: 1]
2017-11-23 17:06:32 DEBUG [InitUdpTargets success - total: 1]
2017-11-23 17:06:32 DEBUG [InitHttpTargets success - total: 1]
2017-11-23 17:06:32 DEBUG [InitEMailTargets success - total: 1]
2017-11-23 17:06:32 DEBUG [InitLogger success - total: 3]
2017-11-24 16:51:41 DEBUG [*******************New Begin***********************]
2017-11-24 16:51:41 DEBUG [devfeel.dotlog InitConfig success]
2017-11-24 16:51:41 DEBUG [RegisterUserVar success - total: 7]
2017-11-24 16:51:41 DEBUG [InitFileTargets success - total: 1]
2017-11-24 16:51:41 DEBUG [InitUdpTargets success - total: 1]
2017-11-24 16:51:41 DEBUG [InitHttpTargets success - total: 1]
2017-11-24 16:51:41 DEBUG [InitEMailTargets success - total: 1]
2017-11-24 16:51:41 DEBUG [InitLogger success - total: 3]
2017-11-24 16:52:05 DEBUG [*******************New Begin***********************]
2017-11-24 16:52:05 DEBUG [devfeel.dotlog InitConfig success]
2017-11-24 16:52:05 DEBUG [RegisterUserVar success - total: 7]
2017-11-24 16:52:05 DEBUG [InitFileTargets success - total: 1]
2017-11-24 16:52:05 DEBUG [InitUdpTargets success - total: 1]
2017-11-24 16:52:05 DEBUG [InitHttpTargets success - total: 1]
2017-11-24 16:52:05 DEBUG [InitEMailTargets success - total: 1]
2017-11-24 16:52:05 DEBUG [InitLogger success - total: 3]
2017-11-24 16:55:32 DEBUG [*******************New Begin***********************]
2017-11-24 16:55:32 DEBUG [devfeel.dotlog InitConfig success]
2017-11-24 16:55:32 DEBUG [RegisterUserVar success - total: 7]
2017-11-24 16:55:32 DEBUG [InitFileTargets success - total: 1]
2017-11-24 16:55:32 DEBUG [InitUdpTargets success - total: 1]
2017-11-24 16:55:32 DEBUG [InitHttpTargets success - total: 1]
2017-11-24 16:55:32 DEBUG [InitEMailTargets success - total: 1]
2017-11-24 16:55:32 DEBUG [InitLogger success - total: 3]
2017-11-24 16:57:26 DEBUG [*******************New Begin***********************]
2017-11-24 16:57:26 DEBUG [devfeel.dotlog InitConfig success]
2017-11-24 16:57:26 DEBUG [RegisterUserVar success - total: 7]
2017-11-24 16:57:26 DEBUG [InitFileTargets success - total: 1]
2017-11-24 16:57:27 DEBUG [InitUdpTargets success - total: 1]
2017-11-24 16:57:27 DEBUG [InitHttpTargets success - total: 1]
2017-11-24 16:57:27 DEBUG [InitEMailTargets success - total: 1]
2017-11-24 16:57:27 DEBUG [InitLogger success - total: 3]
2017-11-24 16:57:43 DEBUG [*******************New Begin***********************]
2017-11-24 16:57:43 DEBUG [devfeel.dotlog InitConfig success]
2017-11-24 16:57:43 DEBUG [RegisterUserVar success - total: 7]
2017-11-24 16:57:43 DEBUG [InitFileTargets success - total: 1]
2017-11-24 16:57:43 DEBUG [InitUdpTargets success - total: 1]
2017-11-24 16:57:43 DEBUG [InitHttpTargets success - total: 1]
2017-11-24 16:57:43 DEBUG [InitEMailTargets success - total: 1]
2017-11-24 16:57:43 DEBUG [InitLogger success - total: 3]
2017-11-24 16:59:01 DEBUG [*******************New Begin***********************]
2017-11-24 16:59:01 DEBUG [devfeel.dotlog InitConfig success]
2017-11-24 16:59:01 DEBUG [RegisterUserVar success - total: 7]
2017-11-24 16:59:01 DEBUG [InitFileTargets success - total: 1]
2017-11-24 16:59:01 DEBUG [InitUdpTargets success - total: 1]
2017-11-24 16:59:01 DEBUG [InitHttpTargets success - total: 1]
2017-11-24 16:59:01 DEBUG [InitEMailTargets success - total: 1]
2017-11-24 16:59:01 DEBUG [InitLogger success - total: 3]
2017-11-24 17:01:26 DEBUG [*******************New Begin***********************]
2017-11-24 17:01:26 DEBUG [devfeel.dotlog InitConfig success]
2017-11-24 17:01:26 DEBUG [RegisterUserVar success - total: 7]
2017-11-24 17:01:26 DEBUG [InitFileTargets success - total: 1]
2017-11-24 17:01:26 DEBUG [InitUdpTargets success - total: 1]
2017-11-24 17:01:26 DEBUG [InitHttpTargets success - total: 1]
2017-11-24 17:01:26 DEBUG [InitEMailTargets success - total: 1]
2017-11-24 17:01:26 DEBUG [InitLogger success - total: 3]
2017-11-24 17:02:32 DEBUG [*******************New Begin***********************]
2017-11-24 17:02:32 DEBUG [devfeel.dotlog InitConfig success]
2017-11-24 17:02:32 DEBUG [RegisterUserVar success - total: 7]
2017-11-24 17:02:32 DEBUG [InitFileTargets success - total: 1]
2017-11-24 17:02:32 DEBUG [InitUdpTargets success - total: 1]
2017-11-24 17:02:32 DEBUG [InitHttpTargets success - total: 1]
2017-11-24 17:02:32 DEBUG [InitEMailTargets success - total: 1]
2017-11-24 17:02:32 DEBUG [InitLogger success - total: 3]
2017-11-24 17:04:27 DEBUG [*******************New Begin***********************]
2017-11-24 17:04:27 DEBUG [devfeel.dotlog InitConfig success]
2017-11-24 17:04:27 DEBUG [RegisterUserVar success - total: 7]
2017-11-24 17:04:27 DEBUG [InitFileTargets success - total: 1]
2017-11-24 17:04:27 DEBUG [InitUdpTargets success - total: 1]
2017-11-24 17:04:27 DEBUG [InitHttpTargets success - total: 1]
2017-11-24 17:04:27 DEBUG [InitEMailTargets success - total: 1]
2017-11-24 17:04:27 DEBUG [InitLogger success - total: 3]
2017-11-24 17:08:28 DEBUG [*******************New Begin***********************]
2017-11-24 17:08:28 DEBUG [devfeel.dotlog InitConfig success]
2017-11-24 17:08:28 DEBUG [RegisterUserVar success - total: 7]
2017-11-24 17:08:28 DEBUG [InitFileTargets success - total: 1]
2017-11-24 17:08:28 DEBUG [InitUdpTargets success - total: 1]
2017-11-24 17:08:28 DEBUG [InitHttpTargets success - total: 1]
2017-11-24 17:08:28 DEBUG [InitEMailTargets success - total: 1]
2017-11-24 17:08:28 DEBUG [InitLogger success - total: 3]
2017-11-24 17:09:28 DEBUG [*******************New Begin***********************]
2017-11-24 17:09:28 DEBUG [devfeel.dotlog InitConfig success]
2017-11-24 17:09:28 DEBUG [RegisterUserVar success - total: 7]
2017-11-24 17:09:28 DEBUG [InitFileTargets success - total: 1]
2017-11-24 17:09:28 DEBUG [InitUdpTargets success - total: 1]
2017-11-24 17:09:28 DEBUG [InitHttpTargets success - total: 1]
2017-11-24 17:09:28 DEBUG [InitEMailTargets success - total: 1]
2017-11-24 17:09:28 DEBUG [InitLogger success - total: 3]
2017-11-24 17:10:38 DEBUG [*******************New Begin***********************]
2017-11-24 17:10:38 DEBUG [devfeel.dotlog InitConfig success]
2017-11-24 17:10:38 DEBUG [RegisterUserVar success - total: 7]
2017-11-24 17:10:38 DEBUG [InitFileTargets success - total: 1]
2017-11-24 17:10:38 DEBUG [InitUdpTargets success - total: 1]
2017-11-24 17:10:38 DEBUG [InitHttpTargets success - total: 1]
2017-11-24 17:10:38 DEBUG [InitEMailTargets success - total: 1]
2017-11-24 17:10:38 DEBUG [InitLogger success - total: 3]
2017-11-24 17:32:52 DEBUG [*******************New Begin***********************]
2017-11-24 17:32:52 DEBUG [devfeel.dotlog InitConfig success]
2017-11-24 17:32:52 DEBUG [RegisterUserVar success - total: 7]
2017-11-24 17:32:52 DEBUG [InitFileTargets success - total: 1]
2017-11-24 17:32:52 DEBUG [InitUdpTargets success - total: 1]
2017-11-24 17:32:52 DEBUG [InitHttpTargets success - total: 1]
2017-11-24 17:32:52 DEBUG [InitEMailTargets success - total: 1]
2017-11-24 17:32:52 DEBUG [InitLogger success - total: 3]
2017-11-24 18:20:56 DEBUG [*******************New Begin***********************]
2017-11-24 18:20:56 DEBUG [devfeel.dotlog InitConfig success]
2017-11-24 18:20:56 DEBUG [RegisterUserVar success - total: 7]
2017-11-24 18:20:56 DEBUG [InitFileTargets success - total: 1]
2017-11-24 18:20:56 DEBUG [InitUdpTargets success - total: 1]
2017-11-24 18:20:56 DEBUG [InitHttpTargets success - total: 1]
2017-11-24 18:20:56 DEBUG [InitEMailTargets success - total: 1]
2017-11-24 18:20:56 DEBUG [InitLogger success - total: 3]
2017-11-24 18:21:29 DEBUG [*******************New Begin***********************]
2017-11-24 18:21:29 DEBUG [devfeel.dotlog InitConfig success]
2017-11-24 18:21:29 DEBUG [RegisterUserVar success - total: 7]
2017-11-24 18:21:29 DEBUG [InitFileTargets success - total: 1]
2017-11-24 18:21:29 DEBUG [InitUdpTargets success - total: 1]
2017-11-24 18:21:30 DEBUG [InitHttpTargets success - total: 1]
2017-11-24 18:21:30 DEBUG [InitEMailTargets success - total: 1]
2017-11-24 18:21:30 DEBUG [InitLogger success - total: 3]
2017-11-24 18:24:24 DEBUG [*******************New Begin***********************]
2017-11-24 18:24:24 DEBUG [devfeel.dotlog InitConfig success]
2017-11-24 18:24:24 DEBUG [RegisterUserVar success - total: 7]
2017-11-24 18:24:24 DEBUG [InitFileTargets success - total: 1]
2017-11-24 18:24:24 DEBUG [InitUdpTargets success - total: 1]
2017-11-24 18:24:24 DEBUG [InitHttpTargets success - total: 1]
2017-11-24 18:24:24 DEBUG [InitEMailTargets success - total: 1]
2017-11-24 18:24:24 DEBUG [InitLogger success - total: 3]
2017-11-24 18:42:40 DEBUG [*******************New Begin***********************]
2017-11-24 18:42:40 DEBUG [devfeel.dotlog InitConfig success]
2017-11-24 18:42:40 DEBUG [RegisterUserVar success - total: 7]
2017-11-24 18:42:40 DEBUG [InitFileTargets success - total: 1]
2017-11-24 18:42:40 DEBUG [InitUdpTargets success - total: 1]
2017-11-24 18:42:40 DEBUG [InitHttpTargets success - total: 1]
2017-11-24 18:42:40 DEBUG [InitEMailTargets success - total: 1]
2017-11-24 18:42:40 DEBUG [InitLogger success - total: 3]
2017-11-24 18:49:56 DEBUG [*******************New Begin***********************]
2017-11-24 18:49:56 DEBUG [devfeel.dotlog InitConfig success]
2017-11-24 18:49:56 DEBUG [RegisterUserVar success - total: 7]
2017-11-24 18:49:56 DEBUG [InitFileTargets success - total: 1]
2017-11-24 18:49:56 DEBUG [InitUdpTargets success - total: 1]
2017-11-24 18:49:56 DEBUG [InitHttpTargets success - total: 1]
2017-11-24 18:49:56 DEBUG [InitEMailTargets success - total: 1]
2017-11-24 18:49:56 DEBUG [InitLogger success - total: 3]
2017-11-24 18:50:52 DEBUG [*******************New Begin***********************]
2017-11-24 18:50:52 DEBUG [devfeel.dotlog InitConfig success]
2017-11-24 18:50:52 DEBUG [RegisterUserVar success - total: 7]
2017-11-24 18:50:52 DEBUG [InitFileTargets success - total: 1]
2017-11-24 18:50:52 DEBUG [InitUdpTargets success - total: 1]
2017-11-24 18:50:52 DEBUG [InitHttpTargets success - total: 1]
2017-11-24 18:50:52 DEBUG [InitEMailTargets success - total: 1]
2017-11-24 18:50:52 DEBUG [InitLogger success - total: 3]
2017-11-24 18:56:48 DEBUG [*******************New Begin***********************]
2017-11-24 18:56:48 DEBUG [devfeel.dotlog InitConfig success]
2017-11-24 18:56:48 DEBUG [RegisterUserVar success - total: 7]
2017-11-24 18:56:48 DEBUG [InitFileTargets success - total: 1]
2017-11-24 18:56:48 DEBUG [InitUdpTargets success - total: 1]
2017-11-24 18:56:48 DEBUG [InitHttpTargets success - total: 1]
2017-11-24 18:56:48 DEBUG [InitEMailTargets success - total: 1]
2017-11-24 18:56:48 DEBUG [InitLogger success - total: 3]
2017-11-24 19:31:40 DEBUG [*******************New Begin***********************]
2017-11-24 19:31:40 DEBUG [devfeel.dotlog InitConfig success]
2017-11-24 19:31:40 DEBUG [RegisterUserVar success - total: 7]
2017-11-24 19:31:40 DEBUG [InitFileTargets success - total: 1]
2017-11-24 19:31:40 DEBUG [InitUdpTargets success - total: 1]
2017-11-24 19:31:40 DEBUG [InitHttpTargets success - total: 1]
2017-11-24 19:31:40 DEBUG [InitEMailTargets success - total: 1]
2017-11-24 19:31:40 DEBUG [InitLogger success - total: 3]
2017-11-24 19:34:00 DEBUG [*******************New Begin***********************]
2017-11-24 19:34:00 DEBUG [devfeel.dotlog InitConfig success]
2017-11-24 19:34:00 DEBUG [RegisterUserVar success - total: 7]
2017-11-24 19:34:00 DEBUG [InitFileTargets success - total: 1]
2017-11-24 19:34:00 DEBUG [InitUdpTargets success - total: 1]
2017-11-24 19:34:01 DEBUG [InitHttpTargets success - total: 1]
2017-11-24 19:34:01 DEBUG [InitEMailTargets success - total: 1]
2017-11-24 19:34:01 DEBUG [InitLogger success - total: 3]
2017-11-24 19:36:03 DEBUG [*******************New Begin***********************]
2017-11-24 19:36:03 DEBUG [devfeel.dotlog InitConfig success]
2017-11-24 19:36:03 DEBUG [RegisterUserVar success - total: 7]
2017-11-24 19:36:03 DEBUG [InitFileTargets success - total: 1]
2017-11-24 19:36:03 DEBUG [InitUdpTargets success - total: 1]
2017-11-24 19:36:03 DEBUG [InitHttpTargets success - total: 1]
2017-11-24 19:36:03 DEBUG [InitEMailTargets success - total: 1]
2017-11-24 19:36:03 DEBUG [InitLogger success - total: 3]
2017-11-24 19:37:50 DEBUG [*******************New Begin***********************]
2017-11-24 19:37:50 DEBUG [devfeel.dotlog InitConfig success]
2017-11-24 19:37:50 DEBUG [RegisterUserVar success - total: 7]
2017-11-24 19:37:50 DEBUG [InitFileTargets success - total: 1]
2017-11-24 19:37:50 DEBUG [InitUdpTargets success - total: 1]
2017-11-24 19:37:50 DEBUG [InitHttpTargets success - total: 1]
2017-11-24 19:37:50 DEBUG [InitEMailTargets success - total: 1]
2017-11-24 19:37:50 DEBUG [InitLogger success - total: 3]
2017-11-24 19:40:15 DEBUG [*******************New Begin***********************]
2017-11-24 19:40:15 DEBUG [devfeel.dotlog InitConfig success]
2017-11-24 19:40:15 DEBUG [RegisterUserVar success - total: 7]
2017-11-24 19:40:15 DEBUG [InitFileTargets success - total: 1]
2017-11-24 19:40:15 DEBUG [InitUdpTargets success - total: 1]
2017-11-24 19:40:15 DEBUG [InitHttpTargets success - total: 1]
2017-11-24 19:40:15 DEBUG [InitEMailTargets success - total: 1]
2017-11-24 19:40:15 DEBUG [InitLogger success - total: 3]
2017-11-24 19:40:24 DEBUG [*******************New Begin***********************]
2017-11-24 19:40:24 DEBUG [devfeel.dotlog InitConfig success]
2017-11-24 19:40:24 DEBUG [RegisterUserVar success - total: 7]
2017-11-24 19:40:24 DEBUG [InitFileTargets success - total: 1]
2017-11-24 19:40:24 DEBUG [InitUdpTargets success - total: 1]
2017-11-24 19:40:24 DEBUG [InitHttpTargets success - total: 1]
2017-11-24 19:40:24 DEBUG [InitEMailTargets success - total: 1]
2017-11-24 19:40:24 DEBUG [InitLogger success - total: 3]
2017-11-24 19:41:36 DEBUG [*******************New Begin***********************]
2017-11-24 19:41:36 DEBUG [devfeel.dotlog InitConfig success]
2017-11-24 19:41:36 DEBUG [RegisterUserVar success - total: 7]
2017-11-24 19:41:36 DEBUG [InitFileTargets success - total: 1]
2017-11-24 19:41:36 DEBUG [InitUdpTargets success - total: 1]
2017-11-24 19:41:36 DEBUG [InitHttpTargets success - total: 1]
2017-11-24 19:41:36 DEBUG [InitEMailTargets success - total: 1]
2017-11-24 19:41:36 DEBUG [InitLogger success - total: 3]
2017-11-24 19:43:07 DEBUG [*******************New Begin***********************]
2017-11-24 19:43:07 DEBUG [devfeel.dotlog InitConfig success]
2017-11-24 19:43:07 DEBUG [RegisterUserVar success - total: 7]
2017-11-24 19:43:07 DEBUG [InitFileTargets success - total: 1]
2017-11-24 19:43:07 DEBUG [InitUdpTargets success - total: 1]
2017-11-24 19:43:07 DEBUG [InitHttpTargets success - total: 1]
2017-11-24 19:43:07 DEBUG [InitEMailTargets success - total: 1]
2017-11-24 19:43:07 DEBUG [InitLogger success - total: 3]
2017-11-24 19:47:11 DEBUG [*******************New Begin***********************]
2017-11-24 19:47:11 DEBUG [devfeel.dotlog InitConfig success]
2017-11-24 19:47:11 DEBUG [RegisterUserVar success - total: 7]
2017-11-24 19:47:11 DEBUG [InitFileTargets success - total: 1]
2017-11-24 19:47:11 DEBUG [InitUdpTargets success - total: 1]
2017-11-24 19:47:11 DEBUG [InitHttpTargets success - total: 1]
2017-11-24 19:47:11 DEBUG [InitEMailTargets success - total: 1]
2017-11-24 19:47:11 DEBUG [InitLogger success - total: 3]
2017-11-27 10:37:38 DEBUG [*******************New Begin***********************]
2017-11-27 10:37:38 DEBUG [devfeel.dotlog InitConfig success]
2017-11-27 10:37:38 DEBUG [RegisterUserVar success - total: 7]
2017-11-27 10:37:38 DEBUG [InitFileTargets success - total: 1]
2017-11-27 10:37:38 DEBUG [InitUdpTargets success - total: 1]
2017-11-27 10:37:38 DEBUG [InitHttpTargets success - total: 1]
2017-11-27 10:37:38 DEBUG [InitEMailTargets success - total: 1]
2017-11-27 10:37:38 DEBUG [InitLogger success - total: 3]
2017-11-27 10:38:16 DEBUG [*******************New Begin***********************]
2017-11-27 10:38:16 DEBUG [devfeel.dotlog InitConfig success]
2017-11-27 10:38:16 DEBUG [RegisterUserVar success - total: 7]
2017-11-27 10:38:16 DEBUG [InitFileTargets success - total: 1]
2017-11-27 10:38:16 DEBUG [InitUdpTargets success - total: 1]
2017-11-27 10:38:16 DEBUG [InitHttpTargets success - total: 1]
2017-11-27 10:38:16 DEBUG [InitEMailTargets success - total: 1]
2017-11-27 10:38:16 DEBUG [InitLogger success - total: 3]
2017-11-27 10:46:34 DEBUG [*******************New Begin***********************]
2017-11-27 10:46:34 DEBUG [devfeel.dotlog InitConfig success]
2017-11-27 10:46:34 DEBUG [RegisterUserVar success - total: 7]
2017-11-27 10:46:34 DEBUG [InitFileTargets success - total: 1]
2017-11-27 10:46:34 DEBUG [InitUdpTargets success - total: 1]
2017-11-27 10:46:34 DEBUG [InitHttpTargets success - total: 1]
2017-11-27 10:46:34 DEBUG [InitEMailTargets success - total: 1]
2017-11-27 10:46:34 DEBUG [InitLogger success - total: 3]
2017-11-27 11:18:06 DEBUG [*******************New Begin***********************]
2017-11-27 11:18:06 DEBUG [devfeel.dotlog InitConfig success]
2017-11-27 11:18:06 DEBUG [RegisterUserVar success - total: 7]
2017-11-27 11:18:06 DEBUG [InitFileTargets success - total: 1]
2017-11-27 11:18:06 DEBUG [InitUdpTargets success - total: 1]
2017-11-27 11:18:06 DEBUG [InitHttpTargets success - total: 1]
2017-11-27 11:18:06 DEBUG [InitEMailTargets success - total: 1]
2017-11-27 11:18:07 DEBUG [InitLogger success - total: 3]
2017-11-27 11:18:15 DEBUG [*******************New Begin***********************]
2017-11-27 11:18:15 DEBUG [devfeel.dotlog InitConfig success]
2017-11-27 11:18:16 DEBUG [RegisterUserVar success - total: 7]
2017-11-27 11:18:16 DEBUG [InitFileTargets success - total: 1]
2017-11-27 11:18:16 DEBUG [InitUdpTargets success - total: 1]
2017-11-27 11:18:16 DEBUG [InitHttpTargets success - total: 1]
2017-11-27 11:18:16 DEBUG [InitEMailTargets success - total: 1]
2017-11-27 11:18:16 DEBUG [InitLogger success - total: 3]
2017-11-27 11:19:40 DEBUG [*******************New Begin***********************]
2017-11-27 11:19:40 DEBUG [devfeel.dotlog InitConfig success]
2017-11-27 11:19:41 DEBUG [RegisterUserVar success - total: 7]
2017-11-27 11:19:41 DEBUG [InitFileTargets success - total: 1]
2017-11-27 11:19:41 DEBUG [InitUdpTargets success - total: 1]
2017-11-27 11:19:41 DEBUG [InitHttpTargets success - total: 1]
2017-11-27 11:19:41 DEBUG [InitEMailTargets success - total: 1]
2017-11-27 11:19:41 DEBUG [InitLogger success - total: 3]
2017-11-27 12:15:51 DEBUG [*******************New Begin***********************]
2017-11-27 12:15:51 DEBUG [devfeel.dotlog InitConfig success]
2017-11-27 12:15:51 DEBUG [RegisterUserVar success - total: 7]
2017-11-27 12:15:51 DEBUG [InitFileTargets success - total: 1]
2017-11-27 12:15:51 DEBUG [InitUdpTargets success - total: 1]
2017-11-27 12:15:51 DEBUG [InitHttpTargets success - total: 1]
2017-11-27 12:15:51 DEBUG [InitEMailTargets success - total: 1]
2017-11-27 12:15:51 DEBUG [InitLogger success - total: 3]
2017-11-27 12:26:11 DEBUG [*******************New Begin***********************]
2017-11-27 12:26:11 DEBUG [devfeel.dotlog InitConfig success]
2017-11-27 12:26:11 DEBUG [RegisterUserVar success - total: 7]
2017-11-27 12:26:11 DEBUG [InitFileTargets success - total: 1]
2017-11-27 12:26:11 DEBUG [InitUdpTargets success - total: 1]
2017-11-27 12:26:11 DEBUG [InitHttpTargets success - total: 1]
2017-11-27 12:26:11 DEBUG [InitEMailTargets success - total: 1]
2017-11-27 12:26:11 DEBUG [InitLogger success - total: 3]
2017-11-27 12:29:30 DEBUG [*******************New Begin***********************]
2017-11-27 12:29:30 DEBUG [devfeel.dotlog InitConfig success]
2017-11-27 12:29:30 DEBUG [RegisterUserVar success - total: 7]
2017-11-27 12:29:30 DEBUG [InitFileTargets success - total: 1]
2017-11-27 12:29:30 DEBUG [InitUdpTargets success - total: 1]
2017-11-27 12:29:30 DEBUG [InitHttpTargets success - total: 1]
2017-11-27 12:29:30 DEBUG [InitEMailTargets success - total: 1]
2017-11-27 12:29:30 DEBUG [InitLogger success - total: 3]
2017-11-27 12:30:38 DEBUG [*******************New Begin***********************]
2017-11-27 12:30:38 DEBUG [devfeel.dotlog InitConfig success]
2017-11-27 12:30:38 DEBUG [RegisterUserVar success - total: 7]
2017-11-27 12:30:38 DEBUG [InitFileTargets success - total: 1]
2017-11-27 12:30:38 DEBUG [InitUdpTargets success - total: 1]
2017-11-27 12:30:38 DEBUG [InitHttpTargets success - total: 1]
2017-11-27 12:30:38 DEBUG [InitEMailTargets success - total: 1]
2017-11-27 12:30:38 DEBUG [InitLogger success - total: 3]
2017-11-27 14:25:38 DEBUG [*******************New Begin***********************]
2017-11-27 14:25:38 DEBUG [devfeel.dotlog InitConfig success]
2017-11-27 14:25:38 DEBUG [RegisterUserVar success - total: 7]
2017-11-27 14:25:38 DEBUG [InitFileTargets success - total: 1]
2017-11-27 14:25:38 DEBUG [InitUdpTargets success - total: 1]
2017-11-27 14:25:38 DEBUG [InitHttpTargets success - total: 1]
2017-11-27 14:25:38 DEBUG [InitEMailTargets success - total: 1]
2017-11-27 14:25:38 DEBUG [InitLogger success - total: 3]
2017-11-27 14:27:08 DEBUG [*******************New Begin***********************]
2017-11-27 14:27:08 DEBUG [devfeel.dotlog InitConfig success]
2017-11-27 14:27:08 DEBUG [RegisterUserVar success - total: 7]
2017-11-27 14:27:08 DEBUG [InitFileTargets success - total: 1]
2017-11-27 14:27:08 DEBUG [InitUdpTargets success - total: 1]
2017-11-27 14:27:08 DEBUG [InitHttpTargets success - total: 1]
2017-11-27 14:27:08 DEBUG [InitEMailTargets success - total: 1]
2017-11-27 14:27:08 DEBUG [InitLogger success - total: 3]
2017-11-27 14:28:42 DEBUG [*******************New Begin***********************]
2017-11-27 14:28:42 DEBUG [devfeel.dotlog InitConfig success]
2017-11-27 14:28:42 DEBUG [RegisterUserVar success - total: 7]
2017-11-27 14:28:42 DEBUG [InitFileTargets success - total: 1]
2017-11-27 14:28:42 DEBUG [InitUdpTargets success - total: 1]
2017-11-27 14:28:42 DEBUG [InitHttpTargets success - total: 1]
2017-11-27 14:28:42 DEBUG [InitEMailTargets success - total: 1]
2017-11-27 14:28:42 DEBUG [InitLogger success - total: 3]
2017-11-27 14:49:56 DEBUG [*******************New Begin***********************]
2017-11-27 14:49:56 DEBUG [devfeel.dotlog InitConfig success]
2017-11-27 14:49:56 DEBUG [RegisterUserVar success - total: 7]
2017-11-27 14:49:56 DEBUG [InitFileTargets success - total: 1]
2017-11-27 14:49:56 DEBUG [InitUdpTargets success - total: 1]
2017-11-27 14:49:56 DEBUG [InitHttpTargets success - total: 1]
2017-11-27 14:49:56 DEBUG [InitEMailTargets success - total: 1]
2017-11-27 14:49:56 DEBUG [InitLogger success - total: 3]
2017-11-27 14:51:45 DEBUG [*******************New Begin***********************]
2017-11-27 14:51:45 DEBUG [devfeel.dotlog InitConfig success]
2017-11-27 14:51:45 DEBUG [RegisterUserVar success - total: 7]
2017-11-27 14:51:45 DEBUG [InitFileTargets success - total: 1]
2017-11-27 14:51:45 DEBUG [InitUdpTargets success - total: 1]
2017-11-27 14:51:45 DEBUG [InitHttpTargets success - total: 1]
2017-11-27 14:51:45 DEBUG [InitEMailTargets success - total: 1]
2017-11-27 14:51:45 DEBUG [InitLogger success - total: 3]
2017-11-27 15:08:05 DEBUG [*******************New Begin***********************]
2017-11-27 15:08:05 DEBUG [devfeel.dotlog InitConfig success]
2017-11-27 15:08:05 DEBUG [RegisterUserVar success - total: 7]
2017-11-27 15:08:05 DEBUG [InitFileTargets success - total: 1]
2017-11-27 15:08:05 DEBUG [InitUdpTargets success - total: 1]
2017-11-27 15:08:05 DEBUG [InitHttpTargets success - total: 1]
2017-11-27 15:08:05 DEBUG [InitEMailTargets success - total: 1]
2017-11-27 15:08:05 DEBUG [InitLogger success - total: 3]
2017-11-27 15:10:27 DEBUG [*******************New Begin***********************]
2017-11-27 15:10:27 DEBUG [devfeel.dotlog InitConfig success]
2017-11-27 15:10:27 DEBUG [RegisterUserVar success - total: 7]
2017-11-27 15:10:27 DEBUG [InitFileTargets success - total: 1]
2017-11-27 15:10:27 DEBUG [InitUdpTargets success - total: 1]
2017-11-27 15:10:27 DEBUG [InitHttpTargets success - total: 1]
2017-11-27 15:10:27 DEBUG [InitEMailTargets success - total: 1]
2017-11-27 15:10:27 DEBUG [InitLogger success - total: 3]
2017-11-27 15:13:14 DEBUG [*******************New Begin***********************]
2017-11-27 15:13:14 DEBUG [devfeel.dotlog InitConfig success]
2017-11-27 15:13:14 DEBUG [RegisterUserVar success - total: 7]
2017-11-27 15:13:14 DEBUG [InitFileTargets success - total: 1]
2017-11-27 15:13:14 DEBUG [InitUdpTargets success - total: 1]
2017-11-27 15:13:14 DEBUG [InitHttpTargets success - total: 1]
2017-11-27 15:13:14 DEBUG [InitEMailTargets success - total: 1]
2017-11-27 15:13:14 DEBUG [InitLogger success - total: 3]
2017-11-27 15:20:02 DEBUG [*******************New Begin***********************]
2017-11-27 15:20:02 DEBUG [devfeel.dotlog InitConfig success]
2017-11-27 15:20:02 DEBUG [RegisterUserVar success - total: 7]
2017-11-27 15:20:02 DEBUG [InitFileTargets success - total: 1]
2017-11-27 15:20:02 DEBUG [InitUdpTargets success - total: 1]
2017-11-27 15:20:02 DEBUG [InitHttpTargets success - total: 1]
2017-11-27 15:20:02 DEBUG [InitEMailTargets success - total: 1]
2017-11-27 15:20:02 DEBUG [InitLogger success - total: 3]
2017-11-27 15:44:44 DEBUG [*******************New Begin***********************]
2017-11-27 15:44:44 DEBUG [devfeel.dotlog InitConfig success]
2017-11-27 15:44:44 DEBUG [RegisterUserVar success - total: 7]
2017-11-27 15:44:44 DEBUG [InitFileTargets success - total: 1]
2017-11-27 15:44:44 DEBUG [InitUdpTargets success - total: 1]
2017-11-27 15:44:44 DEBUG [InitHttpTargets success - total: 1]
2017-11-27 15:44:44 DEBUG [InitEMailTargets success - total: 1]
2017-11-27 15:44:44 DEBUG [InitLogger success - total: 3]
2017-11-27 15:51:58 DEBUG [*******************New Begin***********************]
2017-11-27 15:51:58 DEBUG [devfeel.dotlog InitConfig success]
2017-11-27 15:51:58 DEBUG [RegisterUserVar success - total: 7]
2017-11-27 15:51:58 DEBUG [InitFileTargets success - total: 1]
2017-11-27 15:51:58 DEBUG [InitUdpTargets success - total: 1]
2017-11-27 15:51:58 DEBUG [InitHttpTargets success - total: 1]
2017-11-27 15:51:58 DEBUG [InitEMailTargets success - total: 1]
2017-11-27 15:51:58 DEBUG [InitLogger success - total: 3]
2017-11-27 15:57:21 DEBUG [*******************New Begin***********************]
2017-11-27 15:57:21 DEBUG [devfeel.dotlog InitConfig success]
2017-11-27 15:57:21 DEBUG [RegisterUserVar success - total: 7]
2017-11-27 15:57:21 DEBUG [InitFileTargets success - total: 1]
2017-11-27 15:57:21 DEBUG [InitUdpTargets success - total: 1]
2017-11-27 15:57:21 DEBUG [InitHttpTargets success - total: 1]
2017-11-27 15:57:21 DEBUG [InitEMailTargets success - total: 1]
2017-11-27 15:57:21 DEBUG [InitLogger success - total: 3]
2017-11-27 16:11:31 DEBUG [*******************New Begin***********************]
2017-11-27 16:11:31 DEBUG [devfeel.dotlog InitConfig success]
2017-11-27 16:11:32 DEBUG [RegisterUserVar success - total: 7]
2017-11-27 16:11:32 DEBUG [InitFileTargets success - total: 1]
2017-11-27 16:11:32 DEBUG [InitUdpTargets success - total: 1]
2017-11-27 16:11:32 DEBUG [InitHttpTargets success - total: 1]
2017-11-27 16:11:32 DEBUG [InitEMailTargets success - total: 1]
2017-11-27 16:11:32 DEBUG [InitLogger success - total: 3]
2017-11-27 16:12:04 DEBUG [*******************New Begin***********************]
2017-11-27 16:12:04 DEBUG [devfeel.dotlog InitConfig success]
2017-11-27 16:12:04 DEBUG [RegisterUserVar success - total: 7]
2017-11-27 16:12:04 DEBUG [InitFileTargets success - total: 1]
2017-11-27 16:12:04 DEBUG [InitUdpTargets success - total: 1]
2017-11-27 16:12:04 DEBUG [InitHttpTargets success - total: 1]
2017-11-27 16:12:04 DEBUG [InitEMailTargets success - total: 1]
2017-11-27 16:12:04 DEBUG [InitLogger success - total: 3]
2017-11-27 16:18:06 DEBUG [*******************New Begin***********************]
2017-11-27 16:18:06 DEBUG [devfeel.dotlog InitConfig success]
2017-11-27 16:18:06 DEBUG [RegisterUserVar success - total: 7]
2017-11-27 16:18:06 DEBUG [InitFileTargets success - total: 1]
2017-11-27 16:18:06 DEBUG [InitUdpTargets success - total: 1]
2017-11-27 16:18:06 DEBUG [InitHttpTargets success - total: 1]
2017-11-27 16:18:06 DEBUG [InitEMailTargets success - total: 1]
2017-11-27 16:18:06 DEBUG [InitLogger success - total: 3]
2017-11-27 16:29:06 DEBUG [*******************New Begin***********************]
2017-11-27 16:29:06 DEBUG [devfeel.dotlog InitConfig success]
2017-11-27 16:29:06 DEBUG [RegisterUserVar success - total: 7]
2017-11-27 16:29:06 DEBUG [InitFileTargets success - total: 1]
2017-11-27 16:29:06 DEBUG [InitUdpTargets success - total: 1]
2017-11-27 16:29:06 DEBUG [InitHttpTargets success - total: 1]
2017-11-27 16:29:06 DEBUG [InitEMailTargets success - total: 1]
2017-11-27 16:29:06 DEBUG [InitLogger success - total: 3]
2017-11-27 16:29:17 DEBUG [*******************New Begin***********************]
2017-11-27 16:29:17 DEBUG [devfeel.dotlog InitConfig success]
2017-11-27 16:29:17 DEBUG [RegisterUserVar success - total: 7]
2017-11-27 16:29:17 DEBUG [InitFileTargets success - total: 1]
2017-11-27 16:29:17 DEBUG [InitUdpTargets success - total: 1]
2017-11-27 16:29:17 DEBUG [InitHttpTargets success - total: 1]
2017-11-27 16:29:17 DEBUG [InitEMailTargets success - total: 1]
2017-11-27 16:29:17 DEBUG [InitLogger success - total: 3]
2017-11-27 16:30:10 DEBUG [*******************New Begin***********************]
2017-11-27 16:30:10 DEBUG [devfeel.dotlog InitConfig success]
2017-11-27 16:30:10 DEBUG [RegisterUserVar success - total: 7]
2017-11-27 16:30:10 DEBUG [InitFileTargets success - total: 1]
2017-11-27 16:30:10 DEBUG [InitUdpTargets success - total: 1]
2017-11-27 16:30:10 DEBUG [InitHttpTargets success - total: 1]
2017-11-27 16:30:10 DEBUG [InitEMailTargets success - total: 1]
2017-11-27 16:30:10 DEBUG [InitLogger success - total: 3]
2017-11-27 16:45:53 DEBUG [*******************New Begin***********************]
2017-11-27 16:45:53 DEBUG [devfeel.dotlog InitConfig success]
2017-11-27 16:45:53 DEBUG [RegisterUserVar success - total: 7]
2017-11-27 16:45:53 DEBUG [InitFileTargets success - total: 1]
2017-11-27 16:45:53 DEBUG [InitUdpTargets success - total: 1]
2017-11-27 16:45:53 DEBUG [InitHttpTargets success - total: 1]
2017-11-27 16:45:53 DEBUG [InitEMailTargets success - total: 1]
2017-11-27 16:45:53 DEBUG [InitLogger success - total: 3]
2017-11-27 17:12:31 DEBUG [*******************New Begin***********************]
2017-11-27 17:12:31 DEBUG [devfeel.dotlog InitConfig success]
2017-11-27 17:12:31 DEBUG [RegisterUserVar success - total: 7]
2017-11-27 17:12:31 DEBUG [InitFileTargets success - total: 1]
2017-11-27 17:12:31 DEBUG [InitUdpTargets success - total: 1]
2017-11-27 17:12:31 DEBUG [InitHttpTargets success - total: 1]
2017-11-27 17:12:31 DEBUG [InitEMailTargets success - total: 1]
2017-11-27 17:12:31 DEBUG [InitLogger success - total: 3]
2017-11-27 17:14:17 DEBUG [*******************New Begin***********************]
2017-11-27 17:14:17 DEBUG [devfeel.dotlog InitConfig success]
2017-11-27 17:14:17 DEBUG [RegisterUserVar success - total: 7]
2017-11-27 17:14:17 DEBUG [InitFileTargets success - total: 1]
2017-11-27 17:14:17 DEBUG [InitUdpTargets success - total: 1]
2017-11-27 17:14:18 DEBUG [InitHttpTargets success - total: 1]
2017-11-27 17:14:18 DEBUG [InitEMailTargets success - total: 1]
2017-11-27 17:14:18 DEBUG [InitLogger success - total: 3]
2017-11-27 17:14:41 DEBUG [*******************New Begin***********************]
2017-11-27 17:14:41 DEBUG [devfeel.dotlog InitConfig success]
2017-11-27 17:14:41 DEBUG [RegisterUserVar success - total: 7]
2017-11-27 17:14:41 DEBUG [InitFileTargets success - total: 1]
2017-11-27 17:14:41 DEBUG [InitUdpTargets success - total: 1]
2017-11-27 17:14:41 DEBUG [InitHttpTargets success - total: 1]
2017-11-27 17:14:41 DEBUG [InitEMailTargets success - total: 1]
2017-11-27 17:14:41 DEBUG [InitLogger success - total: 3]
2017-11-27 17:23:33 DEBUG [*******************New Begin***********************]
2017-11-27 17:23:33 DEBUG [devfeel.dotlog InitConfig success]
2017-11-27 17:23:33 DEBUG [RegisterUserVar success - total: 7]
2017-11-27 17:23:33 DEBUG [InitFileTargets success - total: 1]
2017-11-27 17:23:33 DEBUG [InitUdpTargets success - total: 1]
2017-11-27 17:23:33 DEBUG [InitHttpTargets success - total: 1]
2017-11-27 17:23:33 DEBUG [InitEMailTargets success - total: 1]
2017-11-27 17:23:33 DEBUG [InitLogger success - total: 3]
2017-11-27 17:26:14 DEBUG [*******************New Begin***********************]
2017-11-27 17:26:14 DEBUG [devfeel.dotlog InitConfig success]
2017-11-27 17:26:14 DEBUG [RegisterUserVar success - total: 7]
2017-11-27 17:26:14 DEBUG [InitFileTargets success - total: 1]
2017-11-27 17:26:14 DEBUG [InitUdpTargets success - total: 1]
2017-11-27 17:26:14 DEBUG [InitHttpTargets success - total: 1]
2017-11-27 17:26:14 DEBUG [InitEMailTargets success - total: 1]
2017-11-27 17:26:14 DEBUG [InitLogger success - total: 3]
2017-11-27 17:48:13 DEBUG [*******************New Begin***********************]
2017-11-27 17:48:13 DEBUG [devfeel.dotlog InitConfig success]
2017-11-27 17:48:13 DEBUG [RegisterUserVar success - total: 7]
2017-11-27 17:48:13 DEBUG [InitFileTargets success - total: 1]
2017-11-27 17:48:13 DEBUG [InitUdpTargets success - total: 1]
2017-11-27 17:48:13 DEBUG [InitHttpTargets success - total: 1]
2017-11-27 17:48:13 DEBUG [InitEMailTargets success - total: 1]
2017-11-27 17:48:13 DEBUG [InitLogger success - total: 3]
2017-11-27 17:57:10 DEBUG [*******************New Begin***********************]
2017-11-27 17:57:10 DEBUG [devfeel.dotlog InitConfig success]
2017-11-27 17:57:10 DEBUG [RegisterUserVar success - total: 7]
2017-11-27 17:57:10 DEBUG [InitFileTargets success - total: 1]
2017-11-27 17:57:10 DEBUG [InitUdpTargets success - total: 1]
2017-11-27 17:57:10 DEBUG [InitHttpTargets success - total: 1]
2017-11-27 17:57:10 DEBUG [InitEMailTargets success - total: 1]
2017-11-27 17:57:10 DEBUG [InitLogger success - total: 3]
2017-11-27 17:57:59 DEBUG [*******************New Begin***********************]
2017-11-27 17:57:59 DEBUG [devfeel.dotlog InitConfig success]
2017-11-27 17:57:59 DEBUG [RegisterUserVar success - total: 7]
2017-11-27 17:57:59 DEBUG [InitFileTargets success - total: 1]
2017-11-27 17:57:59 DEBUG [InitUdpTargets success - total: 1]
2017-11-27 17:57:59 DEBUG [InitHttpTargets success - total: 1]
2017-11-27 17:57:59 DEBUG [InitEMailTargets success - total: 1]
2017-11-27 17:57:59 DEBUG [InitLogger success - total: 3]
2017-11-27 17:58:47 DEBUG [*******************New Begin***********************]
2017-11-27 17:58:47 DEBUG [devfeel.dotlog InitConfig success]
2017-11-27 17:58:47 DEBUG [RegisterUserVar success - total: 7]
2017-11-27 17:58:47 DEBUG [InitFileTargets success - total: 1]
2017-11-27 17:58:47 DEBUG [InitUdpTargets success - total: 1]
2017-11-27 17:58:47 DEBUG [InitHttpTargets success - total: 1]
2017-11-27 17:58:47 DEBUG [InitEMailTargets success - total: 1]
2017-11-27 17:58:47 DEBUG [InitLogger success - total: 3]
2017-11-27 18:22:06 DEBUG [*******************New Begin***********************]
2017-11-27 18:22:06 DEBUG [devfeel.dotlog InitConfig success]
2017-11-27 18:22:06 DEBUG [RegisterUserVar success - total: 7]
2017-11-27 18:22:06 DEBUG [InitFileTargets success - total: 1]
2017-11-27 18:22:06 DEBUG [InitUdpTargets success - total: 1]
2017-11-27 18:22:06 DEBUG [InitHttpTargets success - total: 1]
2017-11-27 18:22:06 DEBUG [InitEMailTargets success - total: 1]
2017-11-27 18:22:06 DEBUG [InitLogger success - total: 3]
2017-11-27 18:23:39 DEBUG [*******************New Begin***********************]
2017-11-27 18:23:39 DEBUG [devfeel.dotlog InitConfig success]
2017-11-27 18:23:39 DEBUG [RegisterUserVar success - total: 7]
2017-11-27 18:23:39 DEBUG [InitFileTargets success - total: 1]
2017-11-27 18:23:39 DEBUG [InitUdpTargets success - total: 1]
2017-11-27 18:23:39 DEBUG [InitHttpTargets success - total: 1]
2017-11-27 18:23:39 DEBUG [InitEMailTargets success - total: 1]
2017-11-27 18:23:39 DEBUG [InitLogger success - total: 3]
2017-11-27 19:04:54 DEBUG [*******************New Begin***********************]
2017-11-27 19:04:54 DEBUG [devfeel.dotlog InitConfig success]
2017-11-27 19:04:54 DEBUG [RegisterUserVar success - total: 7]
2017-11-27 19:04:54 DEBUG [InitFileTargets success - total: 1]
2017-11-27 19:04:54 DEBUG [InitUdpTargets success - total: 1]
2017-11-27 19:04:54 DEBUG [InitHttpTargets success - total: 1]
2017-11-27 19:04:54 DEBUG [InitEMailTargets success - total: 1]
2017-11-27 19:04:54 DEBUG [InitLogger success - total: 3]
2017-11-27 19:10:16 DEBUG [*******************New Begin***********************]
2017-11-27 19:10:16 DEBUG [devfeel.dotlog InitConfig success]
2017-11-27 19:10:16 DEBUG [RegisterUserVar success - total: 7]
2017-11-27 19:10:16 DEBUG [InitFileTargets success - total: 1]
2017-11-27 19:10:16 DEBUG [InitUdpTargets success - total: 1]
2017-11-27 19:10:16 DEBUG [InitHttpTargets success - total: 1]
2017-11-27 19:10:16 DEBUG [InitEMailTargets success - total: 1]
2017-11-27 19:10:16 DEBUG [InitLogger success - total: 3]
2017-11-27 19:12:39 DEBUG [*******************New Begin***********************]
2017-11-27 19:12:39 DEBUG [devfeel.dotlog InitConfig success]
2017-11-27 19:12:39 DEBUG [RegisterUserVar success - total: 7]
2017-11-27 19:12:39 DEBUG [InitFileTargets success - total: 1]
2017-11-27 19:12:39 DEBUG [InitUdpTargets success - total: 1]
2017-11-27 19:12:39 DEBUG [InitHttpTargets success - total: 1]
2017-11-27 19:12:39 DEBUG [InitEMailTargets success - total: 1]
2017-11-27 19:12:39 DEBUG [InitLogger success - total: 3]
2017-11-27 19:16:48 DEBUG [*******************New Begin***********************]
2017-11-27 19:16:48 DEBUG [devfeel.dotlog InitConfig success]
2017-11-27 19:16:48 DEBUG [RegisterUserVar success - total: 7]
2017-11-27 19:16:48 DEBUG [InitFileTargets success - total: 1]
2017-11-27 19:16:48 DEBUG [InitUdpTargets success - total: 1]
2017-11-27 19:16:48 DEBUG [InitHttpTargets success - total: 1]
2017-11-27 19:16:48 DEBUG [InitEMailTargets success - total: 1]
2017-11-27 19:16:48 DEBUG [InitLogger success - total: 3]
2017-11-27 19:17:44 DEBUG [*******************New Begin***********************]
2017-11-27 19:17:44 DEBUG [devfeel.dotlog InitConfig success]
2017-11-27 19:17:44 DEBUG [RegisterUserVar success - total: 7]
2017-11-27 19:17:44 DEBUG [InitFileTargets success - total: 1]
2017-11-27 19:17:44 DEBUG [InitUdpTargets success - total: 1]
2017-11-27 19:17:44 DEBUG [InitHttpTargets success - total: 1]
2017-11-27 19:17:44 DEBUG [InitEMailTargets success - total: 1]
2017-11-27 19:17:44 DEBUG [InitLogger success - total: 3]
2017-11-27 19:18:20 DEBUG [*******************New Begin***********************]
2017-11-27 19:18:20 DEBUG [devfeel.dotlog InitConfig success]
2017-11-27 19:18:20 DEBUG [RegisterUserVar success - total: 7]
2017-11-27 19:18:20 DEBUG [InitFileTargets success - total: 1]
2017-11-27 19:18:20 DEBUG [InitUdpTargets success - total: 1]
2017-11-27 19:18:20 DEBUG [InitHttpTargets success - total: 1]
2017-11-27 19:18:20 DEBUG [InitEMailTargets success - total: 1]
2017-11-27 19:18:20 DEBUG [InitLogger success - total: 3]
2017-11-27 19:36:20 DEBUG [*******************New Begin***********************]
2017-11-27 19:36:20 DEBUG [devfeel.dotlog InitConfig success]
2017-11-27 19:36:20 DEBUG [RegisterUserVar success - total: 7]
2017-11-27 19:36:20 DEBUG [InitFileTargets success - total: 1]
2017-11-27 19:36:20 DEBUG [InitUdpTargets success - total: 1]
2017-11-27 19:36:20 DEBUG [InitHttpTargets success - total: 1]
2017-11-27 19:36:20 DEBUG [InitEMailTargets success - total: 1]
2017-11-27 19:36:20 DEBUG [InitLogger success - total: 3]
2017-11-27 19:37:18 DEBUG [*******************New Begin***********************]
2017-11-27 19:37:18 DEBUG [devfeel.dotlog InitConfig success]
2017-11-27 19:37:18 DEBUG [RegisterUserVar success - total: 7]
2017-11-27 19:37:18 DEBUG [InitFileTargets success - total: 1]
2017-11-27 19:37:18 DEBUG [InitUdpTargets success - total: 1]
2017-11-27 19:37:18 DEBUG [InitHttpTargets success - total: 1]
2017-11-27 19:37:18 DEBUG [InitEMailTargets success - total: 1]
2017-11-27 19:37:18 DEBUG [InitLogger success - total: 3]
2017-11-27 19:38:17 DEBUG [*******************New Begin***********************]
2017-11-27 19:38:17 DEBUG [devfeel.dotlog InitConfig success]
2017-11-27 19:38:17 DEBUG [RegisterUserVar success - total: 7]
2017-11-27 19:38:17 DEBUG [InitFileTargets success - total: 1]
2017-11-27 19:38:17 DEBUG [InitUdpTargets success - total: 1]
2017-11-27 19:38:17 DEBUG [InitHttpTargets success - total: 1]
2017-11-27 19:38:17 DEBUG [InitEMailTargets success - total: 1]
2017-11-27 19:38:17 DEBUG [InitLogger success - total: 3]
2017-11-27 19:41:08 DEBUG [*******************New Begin***********************]
2017-11-27 19:41:08 DEBUG [devfeel.dotlog InitConfig success]
2017-11-27 19:41:08 DEBUG [RegisterUserVar success - total: 7]
2017-11-27 19:41:08 DEBUG [InitFileTargets success - total: 1]
2017-11-27 19:41:08 DEBUG [InitUdpTargets success - total: 1]
2017-11-27 19:41:08 DEBUG [InitHttpTargets success - total: 1]
2017-11-27 19:41:08 DEBUG [InitEMailTargets success - total: 1]
2017-11-27 19:41:08 DEBUG [InitLogger success - total: 3]
2017-11-27 19:41:59 DEBUG [*******************New Begin***********************]
2017-11-27 19:41:59 DEBUG [devfeel.dotlog InitConfig success]
2017-11-27 19:41:59 DEBUG [RegisterUserVar success - total: 7]
2017-11-27 19:41:59 DEBUG [InitFileTargets success - total: 1]
2017-11-27 19:41:59 DEBUG [InitUdpTargets success - total: 1]
2017-11-27 19:41:59 DEBUG [InitHttpTargets success - total: 1]
2017-11-27 19:41:59 DEBUG [InitEMailTargets success - total: 1]
2017-11-27 19:41:59 DEBUG [InitLogger success - total: 3]
2017-11-27 19:42:57 DEBUG [*******************New Begin***********************]
2017-11-27 19:42:57 DEBUG [devfeel.dotlog InitConfig success]
2017-11-27 19:42:57 DEBUG [RegisterUserVar success - total: 7]
2017-11-27 19:42:57 DEBUG [InitFileTargets success - total: 1]
2017-11-27 19:42:57 DEBUG [InitUdpTargets success - total: 1]
2017-11-27 19:42:57 DEBUG [InitHttpTargets success - total: 1]
2017-11-27 19:42:57 DEBUG [InitEMailTargets success - total: 1]
2017-11-27 19:42:57 DEBUG [InitLogger success - total: 3]
2017-11-27 19:46:49 DEBUG [*******************New Begin***********************]
2017-11-27 19:46:49 DEBUG [devfeel.dotlog InitConfig success]
2017-11-27 19:46:49 DEBUG [RegisterUserVar success - total: 7]
2017-11-27 19:46:49 DEBUG [InitFileTargets success - total: 1]
2017-11-27 19:46:49 DEBUG [InitUdpTargets success - total: 1]
2017-11-27 19:46:49 DEBUG [InitHttpTargets success - total: 1]
2017-11-27 19:46:49 DEBUG [InitEMailTargets success - total: 1]
2017-11-27 19:46:49 DEBUG [InitLogger success - total: 3]
2017-11-27 20:13:37 DEBUG [*******************New Begin***********************]
2017-11-27 20:13:37 DEBUG [devfeel.dotlog InitConfig success]
2017-11-27 20:13:37 DEBUG [RegisterUserVar success - total: 7]
2017-11-27 20:13:37 DEBUG [InitFileTargets success - total: 1]
2017-11-27 20:13:37 DEBUG [InitUdpTargets success - total: 1]
2017-11-27 20:13:37 DEBUG [InitHttpTargets success - total: 1]
2017-11-27 20:13:37 DEBUG [InitEMailTargets success - total: 1]
2017-11-27 20:13:37 DEBUG [InitLogger success - total: 3]
2017-11-28 09:32:06 DEBUG [*******************New Begin***********************]
2017-11-28 09:32:06 DEBUG [devfeel.dotlog InitConfig success]
2017-11-28 09:32:06 DEBUG [RegisterUserVar success - total: 7]
2017-11-28 09:32:06 DEBUG [InitFileTargets success - total: 1]
2017-11-28 09:32:06 DEBUG [InitUdpTargets success - total: 1]
2017-11-28 09:32:06 DEBUG [InitHttpTargets success - total: 1]
2017-11-28 09:32:06 DEBUG [InitEMailTargets success - total: 1]
2017-11-28 09:32:06 DEBUG [InitLogger success - total: 3]
2017-11-28 09:43:34 DEBUG [*******************New Begin***********************]
2017-11-28 09:43:34 DEBUG [devfeel.dotlog InitConfig success]
2017-11-28 09:43:34 DEBUG [RegisterUserVar success - total: 7]
2017-11-28 09:43:34 DEBUG [InitFileTargets success - total: 1]
2017-11-28 09:43:34 DEBUG [InitUdpTargets success - total: 1]
2017-11-28 09:43:34 DEBUG [InitHttpTargets success - total: 1]
2017-11-28 09:43:34 DEBUG [InitEMailTargets success - total: 1]
2017-11-28 09:43:34 DEBUG [InitLogger success - total: 3]
2017-11-28 09:51:28 DEBUG [*******************New Begin***********************]
2017-11-28 09:51:28 DEBUG [devfeel.dotlog InitConfig success]
2017-11-28 09:51:28 DEBUG [RegisterUserVar success - total: 7]
2017-11-28 09:51:28 DEBUG [InitFileTargets success - total: 1]
2017-11-28 09:51:28 DEBUG [InitUdpTargets success - total: 1]
2017-11-28 09:51:28 DEBUG [InitHttpTargets success - total: 1]
2017-11-28 09:51:28 DEBUG [InitEMailTargets success - total: 1]
2017-11-28 09:51:28 DEBUG [InitLogger success - total: 3]
2017-11-28 10:16:42 DEBUG [*******************New Begin***********************]
2017-11-28 10:16:42 DEBUG [devfeel.dotlog InitConfig success]
2017-11-28 10:16:42 DEBUG [RegisterUserVar success - total: 7]
2017-11-28 10:16:42 DEBUG [InitFileTargets success - total: 1]
2017-11-28 10:16:42 DEBUG [InitUdpTargets success - total: 1]
2017-11-28 10:16:42 DEBUG [InitHttpTargets success - total: 1]
2017-11-28 10:16:42 DEBUG [InitEMailTargets success - total: 1]
2017-11-28 10:16:42 DEBUG [InitLogger success - total: 3]
2017-11-28 10:18:23 DEBUG [*******************New Begin***********************]
2017-11-28 10:18:23 DEBUG [devfeel.dotlog InitConfig success]
2017-11-28 10:18:23 DEBUG [RegisterUserVar success - total: 7]
2017-11-28 10:18:23 DEBUG [InitFileTargets success - total: 1]
2017-11-28 10:18:23 DEBUG [InitUdpTargets success - total: 1]
2017-11-28 10:18:23 DEBUG [InitHttpTargets success - total: 1]
2017-11-28 10:18:23 DEBUG [InitEMailTargets success - total: 1]
2017-11-28 10:18:23 DEBUG [InitLogger success - total: 3]
2017-11-28 10:21:33 DEBUG [*******************New Begin***********************]
2017-11-28 10:21:33 DEBUG [devfeel.dotlog InitConfig success]
2017-11-28 10:21:33 DEBUG [RegisterUserVar success - total: 7]
2017-11-28 10:21:33 DEBUG [InitFileTargets success - total: 1]
2017-11-28 10:21:33 DEBUG [InitUdpTargets success - total: 1]
2017-11-28 10:21:33 DEBUG [InitHttpTargets success - total: 1]
2017-11-28 10:21:33 DEBUG [InitEMailTargets success - total: 1]
2017-11-28 10:21:33 DEBUG [InitLogger success - total: 3]
2017-11-28 10:23:02 DEBUG [*******************New Begin***********************]
2017-11-28 10:23:02 DEBUG [devfeel.dotlog InitConfig success]
2017-11-28 10:23:02 DEBUG [RegisterUserVar success - total: 7]
2017-11-28 10:23:02 DEBUG [InitFileTargets success - total: 1]
2017-11-28 10:23:02 DEBUG [InitUdpTargets success - total: 1]
2017-11-28 10:23:02 DEBUG [InitHttpTargets success - total: 1]
2017-11-28 10:23:02 DEBUG [InitEMailTargets success - total: 1]
2017-11-28 10:23:02 DEBUG [InitLogger success - total: 3]
2017-11-28 10:24:10 DEBUG [*******************New Begin***********************]
2017-11-28 10:24:10 DEBUG [devfeel.dotlog InitConfig success]
2017-11-28 10:24:10 DEBUG [RegisterUserVar success - total: 7]
2017-11-28 10:24:10 DEBUG [InitFileTargets success - total: 1]
2017-11-28 10:24:10 DEBUG [InitUdpTargets success - total: 1]
2017-11-28 10:24:10 DEBUG [InitHttpTargets success - total: 1]
2017-11-28 10:24:10 DEBUG [InitEMailTargets success - total: 1]
2017-11-28 10:24:10 DEBUG [InitLogger success - total: 3]
2017-11-28 10:24:48 DEBUG [*******************New Begin***********************]
2017-11-28 10:24:48 DEBUG [devfeel.dotlog InitConfig success]
2017-11-28 10:24:48 DEBUG [RegisterUserVar success - total: 7]
2017-11-28 10:24:48 DEBUG [InitFileTargets success - total: 1]
2017-11-28 10:24:48 DEBUG [InitUdpTargets success - total: 1]
2017-11-28 10:24:49 DEBUG [InitHttpTargets success - total: 1]
2017-11-28 10:24:49 DEBUG [InitEMailTargets success - total: 1]
2017-11-28 10:24:49 DEBUG [InitLogger success - total: 3]
2017-11-28 10:31:58 DEBUG [*******************New Begin***********************]
2017-11-28 10:31:58 DEBUG [devfeel.dotlog InitConfig success]
2017-11-28 10:31:58 DEBUG [RegisterUserVar success - total: 7]
2017-11-28 10:31:58 DEBUG [InitFileTargets success - total: 1]
2017-11-28 10:31:58 DEBUG [InitUdpTargets success - total: 1]
2017-11-28 10:31:58 DEBUG [InitHttpTargets success - total: 1]
2017-11-28 10:31:58 DEBUG [InitEMailTargets success - total: 1]
2017-11-28 10:31:58 DEBUG [InitLogger success - total: 3]
2017-11-28 10:33:12 DEBUG [*******************New Begin***********************]
2017-11-28 10:33:12 DEBUG [devfeel.dotlog InitConfig success]
2017-11-28 10:33:12 DEBUG [RegisterUserVar success - total: 7]
2017-11-28 10:33:12 DEBUG [InitFileTargets success - total: 1]
2017-11-28 10:33:12 DEBUG [InitUdpTargets success - total: 1]
2017-11-28 10:33:12 DEBUG [InitHttpTargets success - total: 1]
2017-11-28 10:33:12 DEBUG [InitEMailTargets success - total: 1]
2017-11-28 10:33:12 DEBUG [InitLogger success - total: 3]
2017-11-28 10:35:03 DEBUG [*******************New Begin***********************]
2017-11-28 10:35:03 DEBUG [devfeel.dotlog InitConfig success]
2017-11-28 10:35:03 DEBUG [RegisterUserVar success - total: 7]
2017-11-28 10:35:03 DEBUG [InitFileTargets success - total: 1]
2017-11-28 10:35:03 DEBUG [InitUdpTargets success - total: 1]
2017-11-28 10:35:03 DEBUG [InitHttpTargets success - total: 1]
2017-11-28 10:35:03 DEBUG [InitEMailTargets success - total: 1]
2017-11-28 10:35:03 DEBUG [InitLogger success - total: 3]
2017-11-28 10:38:17 DEBUG [*******************New Begin***********************]
2017-11-28 10:38:17 DEBUG [devfeel.dotlog InitConfig success]
2017-11-28 10:38:17 DEBUG [RegisterUserVar success - total: 7]
2017-11-28 10:38:17 DEBUG [InitFileTargets success - total: 1]
2017-11-28 10:38:17 DEBUG [InitUdpTargets success - total: 1]
2017-11-28 10:38:17 DEBUG [InitHttpTargets success - total: 1]
2017-11-28 10:38:17 DEBUG [InitEMailTargets success - total: 1]
2017-11-28 10:38:17 DEBUG [InitLogger success - total: 3]
2017-11-28 10:40:53 DEBUG [*******************New Begin***********************]
2017-11-28 10:40:53 DEBUG [devfeel.dotlog InitConfig success]
2017-11-28 10:40:53 DEBUG [RegisterUserVar success - total: 7]
2017-11-28 10:40:53 DEBUG [InitFileTargets success - total: 1]
2017-11-28 10:40:53 DEBUG [InitUdpTargets success - total: 1]
2017-11-28 10:40:53 DEBUG [InitHttpTargets success - total: 1]
2017-11-28 10:40:53 DEBUG [InitEMailTargets success - total: 1]
2017-11-28 10:40:53 DEBUG [InitLogger success - total: 3]
2017-11-28 10:46:02 DEBUG [*******************New Begin***********************]
2017-11-28 10:46:02 DEBUG [devfeel.dotlog InitConfig success]
2017-11-28 10:46:02 DEBUG [RegisterUserVar success - total: 7]
2017-11-28 10:46:02 DEBUG [InitFileTargets success - total: 1]
2017-11-28 10:46:02 DEBUG [InitUdpTargets success - total: 1]
2017-11-28 10:46:02 DEBUG [InitHttpTargets success - total: 1]
2017-11-28 10:46:02 DEBUG [InitEMailTargets success - total: 1]
2017-11-28 10:46:02 DEBUG [InitLogger success - total: 3]
2017-11-28 11:16:01 DEBUG [*******************New Begin***********************]
2017-11-28 11:16:01 DEBUG [devfeel.dotlog InitConfig success]
2017-11-28 11:16:01 DEBUG [RegisterUserVar success - total: 7]
2017-11-28 11:16:01 DEBUG [InitFileTargets success - total: 1]
2017-11-28 11:16:01 DEBUG [InitUdpTargets success - total: 1]
2017-11-28 11:16:01 DEBUG [InitHttpTargets success - total: 1]
2017-11-28 11:16:01 DEBUG [InitEMailTargets success - total: 1]
2017-11-28 11:16:01 DEBUG [InitLogger success - total: 3]
2017-11-28 11:18:30 DEBUG [*******************New Begin***********************]
2017-11-28 11:18:31 DEBUG [devfeel.dotlog InitConfig success]
2017-11-28 11:18:31 DEBUG [RegisterUserVar success - total: 7]
2017-11-28 11:18:31 DEBUG [InitFileTargets success - total: 1]
2017-11-28 11:18:31 DEBUG [InitUdpTargets success - total: 1]
2017-11-28 11:18:31 DEBUG [InitHttpTargets success - total: 1]
2017-11-28 11:18:31 DEBUG [InitEMailTargets success - total: 1]
2017-11-28 11:18:31 DEBUG [InitLogger success - total: 3]
2017-11-28 11:18:56 DEBUG [*******************New Begin***********************]
2017-11-28 11:18:56 DEBUG [devfeel.dotlog InitConfig success]
2017-11-28 11:18:56 DEBUG [RegisterUserVar success - total: 7]
2017-11-28 11:18:56 DEBUG [InitFileTargets success - total: 1]
2017-11-28 11:18:56 DEBUG [InitUdpTargets success - total: 1]
2017-11-28 11:18:56 DEBUG [InitHttpTargets success - total: 1]
2017-11-28 11:18:56 DEBUG [InitEMailTargets success - total: 1]
2017-11-28 11:18:56 DEBUG [InitLogger success - total: 3]
2017-11-28 15:16:11 DEBUG [*******************New Begin***********************]
2017-11-28 15:16:11 DEBUG [devfeel.dotlog InitConfig success]
2017-11-28 15:16:11 DEBUG [RegisterUserVar success - total: 7]
2017-11-28 15:16:11 DEBUG [InitFileTargets success - total: 1]
2017-11-28 15:16:11 DEBUG [InitUdpTargets success - total: 1]
2017-11-28 15:16:11 DEBUG [InitHttpTargets success - total: 1]
2017-11-28 15:16:11 DEBUG [InitEMailTargets success - total: 1]
2017-11-28 15:16:11 DEBUG [InitLogger success - total: 3]
2017-11-28 15:59:52 DEBUG [*******************New Begin***********************]
2017-11-28 15:59:52 DEBUG [devfeel.dotlog InitConfig success]
2017-11-28 15:59:52 DEBUG [RegisterUserVar success - total: 7]
2017-11-28 15:59:52 DEBUG [InitFileTargets success - total: 1]
2017-11-28 15:59:52 DEBUG [InitUdpTargets success - total: 1]
2017-11-28 15:59:52 DEBUG [InitHttpTargets success - total: 1]
2017-11-28 15:59:52 DEBUG [InitEMailTargets success - total: 1]
2017-11-28 15:59:52 DEBUG [InitLogger success - total: 3]
2017-11-28 16:06:08 DEBUG [*******************New Begin***********************]
2017-11-28 16:06:08 DEBUG [devfeel.dotlog InitConfig success]
2017-11-28 16:06:08 DEBUG [RegisterUserVar success - total: 7]
2017-11-28 16:06:08 DEBUG [InitFileTargets success - total: 1]
2017-11-28 16:06:08 DEBUG [InitUdpTargets success - total: 1]
2017-11-28 16:06:08 DEBUG [InitHttpTargets success - total: 1]
2017-11-28 16:06:08 DEBUG [InitEMailTargets success - total: 1]
2017-11-28 16:06:08 DEBUG [InitLogger success - total: 3]
2017-11-28 16:13:58 DEBUG [*******************New Begin***********************]
2017-11-28 16:13:58 DEBUG [devfeel.dotlog InitConfig success]
2017-11-28 16:13:58 DEBUG [RegisterUserVar success - total: 7]
2017-11-28 16:13:58 DEBUG [InitFileTargets success - total: 1]
2017-11-28 16:13:58 DEBUG [InitUdpTargets success - total: 1]
2017-11-28 16:13:58 DEBUG [InitHttpTargets success - total: 1]
2017-11-28 16:13:58 DEBUG [InitEMailTargets success - total: 1]
2017-11-28 16:13:58 DEBUG [InitLogger success - total: 3]
2017-11-28 16:21:44 DEBUG [*******************New Begin***********************]
2017-11-28 16:21:44 DEBUG [devfeel.dotlog InitConfig success]
2017-11-28 16:21:44 DEBUG [RegisterUserVar success - total: 7]
2017-11-28 16:21:44 DEBUG [InitFileTargets success - total: 1]
2017-11-28 16:21:44 DEBUG [InitUdpTargets success - total: 1]
2017-11-28 16:21:44 DEBUG [InitHttpTargets success - total: 1]
2017-11-28 16:21:44 DEBUG [InitEMailTargets success - total: 1]
2017-11-28 16:21:44 DEBUG [InitLogger success - total: 3]
2017-11-28 16:37:28 DEBUG [*******************New Begin***********************]
2017-11-28 16:37:28 DEBUG [devfeel.dotlog InitConfig success]
2017-11-28 16:37:28 DEBUG [RegisterUserVar success - total: 7]
2017-11-28 16:37:29 DEBUG [InitFileTargets success - total: 1]
2017-11-28 16:37:29 DEBUG [InitUdpTargets success - total: 1]
2017-11-28 16:37:29 DEBUG [InitHttpTargets success - total: 1]
2017-11-28 16:37:29 DEBUG [InitEMailTargets success - total: 1]
2017-11-28 16:37:29 DEBUG [InitLogger success - total: 3]
2017-11-28 16:52:59 DEBUG [*******************New Begin***********************]
2017-11-28 16:52:59 DEBUG [devfeel.dotlog InitConfig success]
2017-11-28 16:52:59 DEBUG [RegisterUserVar success - total: 7]
2017-11-28 16:52:59 DEBUG [InitFileTargets success - total: 1]
2017-11-28 16:52:59 DEBUG [InitUdpTargets success - total: 1]
2017-11-28 16:52:59 DEBUG [InitHttpTargets success - total: 1]
2017-11-28 16:52:59 DEBUG [InitEMailTargets success - total: 1]
2017-11-28 16:52:59 DEBUG [InitLogger success - total: 3]
2017-11-28 16:56:08 DEBUG [*******************New Begin***********************]
2017-11-28 16:56:08 DEBUG [devfeel.dotlog InitConfig success]
2017-11-28 16:56:08 DEBUG [RegisterUserVar success - total: 7]
2017-11-28 16:56:08 DEBUG [InitFileTargets success - total: 1]
2017-11-28 16:56:08 DEBUG [InitUdpTargets success - total: 1]
2017-11-28 16:56:08 DEBUG [InitHttpTargets success - total: 1]
2017-11-28 16:56:08 DEBUG [InitEMailTargets success - total: 1]
2017-11-28 16:56:08 DEBUG [InitLogger success - total: 3]
2017-11-28 17:13:25 DEBUG [*******************New Begin***********************]
2017-11-28 17:13:25 DEBUG [devfeel.dotlog InitConfig success]
2017-11-28 17:13:25 DEBUG [RegisterUserVar success - total: 7]
2017-11-28 17:13:25 DEBUG [InitFileTargets success - total: 1]
2017-11-28 17:13:25 DEBUG [InitUdpTargets success - total: 1]
2017-11-28 17:13:25 DEBUG [InitHttpTargets success - total: 1]
2017-11-28 17:13:25 DEBUG [InitEMailTargets success - total: 1]
2017-11-28 17:13:25 DEBUG [InitLogger success - total: 3]
2017-11-28 18:08:43 DEBUG [*******************New Begin***********************]
2017-11-28 18:08:43 DEBUG [devfeel.dotlog InitConfig success]
2017-11-28 18:08:43 DEBUG [RegisterUserVar success - total: 7]
2017-11-28 18:08:43 DEBUG [InitFileTargets success - total: 1]
2017-11-28 18:08:43 DEBUG [InitUdpTargets success - total: 1]
2017-11-28 18:08:43 DEBUG [InitHttpTargets success - total: 1]
2017-11-28 18:08:43 DEBUG [InitEMailTargets success - total: 1]
2017-11-28 18:08:43 DEBUG [InitLogger success - total: 3]
2017-11-28 18:09:58 DEBUG [*******************New Begin***********************]
2017-11-28 18:09:58 DEBUG [devfeel.dotlog InitConfig success]
2017-11-28 18:09:58 DEBUG [RegisterUserVar success - total: 7]
2017-11-28 18:09:58 DEBUG [InitFileTargets success - total: 1]
2017-11-28 18:09:58 DEBUG [InitUdpTargets success - total: 1]
2017-11-28 18:09:58 DEBUG [InitHttpTargets success - total: 1]
2017-11-28 18:09:58 DEBUG [InitEMailTargets success - total: 1]
2017-11-28 18:09:58 DEBUG [InitLogger success - total: 3]
2017-11-28 18:10:22 DEBUG [*******************New Begin***********************]
2017-11-28 18:10:22 DEBUG [devfeel.dotlog InitConfig success]
2017-11-28 18:10:22 DEBUG [RegisterUserVar success - total: 7]
2017-11-28 18:10:22 DEBUG [InitFileTargets success - total: 1]
2017-11-28 18:10:22 DEBUG [InitUdpTargets success - total: 1]
2017-11-28 18:10:23 DEBUG [InitHttpTargets success - total: 1]
2017-11-28 18:10:23 DEBUG [InitEMailTargets success - total: 1]
2017-11-28 18:10:23 DEBUG [InitLogger success - total: 3]
2017-11-28 18:11:14 DEBUG [*******************New Begin***********************]
2017-11-28 18:11:14 DEBUG [devfeel.dotlog InitConfig success]
2017-11-28 18:11:14 DEBUG [RegisterUserVar success - total: 7]
2017-11-28 18:11:14 DEBUG [InitFileTargets success - total: 1]
2017-11-28 18:11:14 DEBUG [InitUdpTargets success - total: 1]
2017-11-28 18:11:14 DEBUG [InitHttpTargets success - total: 1]
2017-11-28 18:11:14 DEBUG [InitEMailTargets success - total: 1]
2017-11-28 18:11:14 DEBUG [InitLogger success - total: 3]
2017-11-28 18:17:53 DEBUG [*******************New Begin***********************]
2017-11-28 18:17:53 DEBUG [devfeel.dotlog InitConfig success]
2017-11-28 18:17:53 DEBUG [RegisterUserVar success - total: 7]
2017-11-28 18:17:53 DEBUG [InitFileTargets success - total: 1]
2017-11-28 18:17:53 DEBUG [InitUdpTargets success - total: 1]
2017-11-28 18:17:53 DEBUG [InitHttpTargets success - total: 1]
2017-11-28 18:17:54 DEBUG [InitEMailTargets success - total: 1]
2017-11-28 18:17:54 DEBUG [InitLogger success - total: 3]
2017-11-28 18:20:50 DEBUG [*******************New Begin***********************]
2017-11-28 18:20:50 DEBUG [devfeel.dotlog InitConfig success]
2017-11-28 18:20:50 DEBUG [RegisterUserVar success - total: 7]
2017-11-28 18:20:50 DEBUG [InitFileTargets success - total: 1]
2017-11-28 18:20:50 DEBUG [InitUdpTargets success - total: 1]
2017-11-28 18:20:50 DEBUG [InitHttpTargets success - total: 1]
2017-11-28 18:20:50 DEBUG [InitEMailTargets success - total: 1]
2017-11-28 18:20:50 DEBUG [InitLogger success - total: 3]
2017-11-28 18:21:56 DEBUG [*******************New Begin***********************]
2017-11-28 18:21:56 DEBUG [devfeel.dotlog InitConfig success]
2017-11-28 18:21:56 DEBUG [RegisterUserVar success - total: 7]
2017-11-28 18:21:56 DEBUG [InitFileTargets success - total: 1]
2017-11-28 18:21:56 DEBUG [InitUdpTargets success - total: 1]
2017-11-28 18:21:56 DEBUG [InitHttpTargets success - total: 1]
2017-11-28 18:21:56 DEBUG [InitEMailTargets success - total: 1]
2017-11-28 18:21:56 DEBUG [InitLogger success - total: 3]
2017-11-28 18:32:07 DEBUG [*******************New Begin***********************]
2017-11-28 18:32:07 DEBUG [devfeel.dotlog InitConfig success]
2017-11-28 18:32:07 DEBUG [RegisterUserVar success - total: 7]
2017-11-28 18:32:07 DEBUG [InitFileTargets success - total: 1]
2017-11-28 18:32:07 DEBUG [InitUdpTargets success - total: 1]
2017-11-28 18:32:07 DEBUG [InitHttpTargets success - total: 1]
2017-11-28 18:32:07 DEBUG [InitEMailTargets success - total: 1]
2017-11-28 18:32:07 DEBUG [InitLogger success - total: 3]
2017-11-28 19:55:55 DEBUG [*******************New Begin***********************]
2017-11-28 19:55:56 DEBUG [devfeel.dotlog InitConfig success]
2017-11-28 19:55:56 DEBUG [RegisterUserVar success - total: 7]
2017-11-28 19:55:56 DEBUG [InitFileTargets success - total: 1]
2017-11-28 19:55:56 DEBUG [InitUdpTargets success - total: 1]
2017-11-28 19:55:56 DEBUG [InitHttpTargets success - total: 1]
2017-11-28 19:55:56 DEBUG [InitEMailTargets success - total: 1]
2017-11-28 19:55:56 DEBUG [InitLogger success - total: 3]
2017-11-28 19:57:11 DEBUG [*******************New Begin***********************]
2017-11-28 19:57:11 DEBUG [devfeel.dotlog InitConfig success]
2017-11-28 19:57:11 DEBUG [RegisterUserVar success - total: 7]
2017-11-28 19:57:11 DEBUG [InitFileTargets success - total: 1]
2017-11-28 19:57:11 DEBUG [InitUdpTargets success - total: 1]
2017-11-28 19:57:11 DEBUG [InitHttpTargets success - total: 1]
2017-11-28 19:57:11 DEBUG [InitEMailTargets success - total: 1]
2017-11-28 19:57:11 DEBUG [InitLogger success - total: 3]
2017-11-28 20:03:28 DEBUG [*******************New Begin***********************]
2017-11-28 20:03:28 DEBUG [devfeel.dotlog InitConfig success]
2017-11-28 20:03:28 DEBUG [RegisterUserVar success - total: 7]
2017-11-28 20:03:28 DEBUG [InitFileTargets success - total: 1]
2017-11-28 20:03:28 DEBUG [InitUdpTargets success - total: 1]
2017-11-28 20:03:28 DEBUG [InitHttpTargets success - total: 1]
2017-11-28 20:03:28 DEBUG [InitEMailTargets success - total: 1]
2017-11-28 20:03:28 DEBUG [InitLogger success - total: 3]
